[2022-08-12 07:49:16] - Starting Project002Application using Java 17.0.3 on Raheen with PID 11464 (C:\BootCamp\SpringBack\Project002\target\classes started by rahee in C:\BootCamp\SpringBack\Project002)
[2022-08-12 07:49:16] - Running with Spring Boot v2.7.2, Spring v5.3.22
[2022-08-12 07:49:16] - No active profile set, falling back to 1 default profile: "default"
[2022-08-12 07:49:16] - Loading source class com.revature.spring.backend.Project002Application
[2022-08-12 07:49:16] - Refreshing org.springframework.boot.web.servlet.context.AnnotationConfigServletWebServerApplicationContext@428cc9e8
[2022-08-12 07:49:16] - Creating shared instance of singleton bean 'org.springframework.context.annotation.internalConfigurationAnnotationProcessor'
[2022-08-12 07:49:16] - Creating shared instance of singleton bean 'org.springframework.boot.autoconfigure.internalCachingMetadataReaderFactory'
[2022-08-12 07:49:16] - Identified candidate component class: file [C:\BootCamp\SpringBack\Project002\target\classes\com\revature\spring\backend\controllers\BooksController.class]
[2022-08-12 07:49:16] - Identified candidate component class: file [C:\BootCamp\SpringBack\Project002\target\classes\com\revature\spring\backend\controllers\BookyController.class]
[2022-08-12 07:49:16] - Found key 'D_URL' in PropertySource 'systemEnvironment' with value of type String
[2022-08-12 07:49:16] - Found key 'D_NAME' in PropertySource 'systemEnvironment' with value of type String
[2022-08-12 07:49:16] - Bootstrapping Spring Data JPA repositories in DEFAULT mode.
[2022-08-12 07:49:16] - Creating shared instance of singleton bean 'org.springframework.boot.autoconfigure.AutoConfigurationPackages'
[2022-08-12 07:49:16] - @EnableAutoConfiguration was declared on a class in the package 'com.revature.spring.backend'. Automatic @Repository and @Entity scanning is enabled.
[2022-08-12 07:49:16] - Scanning for JPA repositories in packages com.revature.spring.backend.
[2022-08-12 07:49:16] - Identified candidate component class: file [C:\BootCamp\SpringBack\Project002\target\classes\com\revature\spring\backend\repository\BooksRepository.class]
[2022-08-12 07:49:16] - Identified candidate component class: file [C:\BootCamp\SpringBack\Project002\target\classes\com\revature\spring\backend\repository\BookyRepository.class]
[2022-08-12 07:49:16] - Finished Spring Data repository scanning in 10 ms. Found 2 JPA repository interfaces.
[2022-08-12 07:49:16] - Creating shared instance of singleton bean 'propertySourcesPlaceholderConfigurer'
[2022-08-12 07:49:16] - Creating shared instance of singleton bean 'emBeanDefinitionRegistrarPostProcessor'
[2022-08-12 07:49:16] - Creating shared instance of singleton bean 'org.springframework.boot.sql.init.dependency.DatabaseInitializationDependencyConfigurer$DependsOnDatabaseInitializationPostProcessor'
[2022-08-12 07:49:16] - Creating shared instance of singleton bean 'org.springframework.boot.devtools.autoconfigure.DevToolsDataSourceAutoConfiguration$DatabaseShutdownExecutorEntityManagerFactoryDependsOnPostProcessor'
[2022-08-12 07:49:16] - Creating shared instance of singleton bean 'org.springframework.context.event.internalEventListenerProcessor'
[2022-08-12 07:49:16] - Creating shared instance of singleton bean 'preserveErrorControllerTargetClassPostProcessor'
[2022-08-12 07:49:16] - Creating shared instance of singleton bean 'org.springframework.context.event.internalEventListenerFactory'
[2022-08-12 07:49:16] - Creating shared instance of singleton bean 'org.springframework.transaction.config.internalTransactionalEventListenerFactory'
[2022-08-12 07:49:16] - Creating shared instance of singleton bean 'org.springframework.context.annotation.internalAutowiredAnnotationProcessor'
[2022-08-12 07:49:16] - Creating shared instance of singleton bean 'org.springframework.context.annotation.internalCommonAnnotationProcessor'
[2022-08-12 07:49:16] - Creating shared instance of singleton bean 'org.springframework.context.annotation.internalPersistenceAnnotationProcessor'
[2022-08-12 07:49:16] - Creating shared instance of singleton bean 'org.springframework.boot.context.properties.ConfigurationPropertiesBindingPostProcessor'
[2022-08-12 07:49:16] - Creating shared instance of singleton bean 'org.springframework.boot.context.internalConfigurationPropertiesBinder'
[2022-08-12 07:49:16] - Creating shared instance of singleton bean 'org.springframework.boot.context.internalConfigurationPropertiesBinderFactory'
[2022-08-12 07:49:16] - Creating shared instance of singleton bean 'org.springframework.aop.config.internalAutoProxyCreator'
[2022-08-12 07:49:16] - Creating shared instance of singleton bean 'persistenceExceptionTranslationPostProcessor'
[2022-08-12 07:49:16] - Autowiring by type from bean name 'persistenceExceptionTranslationPostProcessor' via factory method to bean named 'environment'
[2022-08-12 07:49:16] - Creating shared instance of singleton bean 'webServerFactoryCustomizerBeanPostProcessor'
[2022-08-12 07:49:16] - Creating shared instance of singleton bean 'errorPageRegistrarBeanPostProcessor'
[2022-08-12 07:49:16] - Creating shared instance of singleton bean 'projectingArgumentResolverBeanPostProcessor'
[2022-08-12 07:49:16] - Creating shared instance of singleton bean 'org.springframework.transaction.config.internalTransactionAdvisor'
[2022-08-12 07:49:16] - Creating shared instance of singleton bean 'org.springframework.transaction.annotation.ProxyTransactionManagementConfiguration'
[2022-08-12 07:49:16] - Creating shared instance of singleton bean 'transactionAttributeSource'
[2022-08-12 07:49:16] - Creating shared instance of singleton bean 'transactionInterceptor'
[2022-08-12 07:49:16] - Autowiring by type from bean name 'transactionInterceptor' via factory method to bean named 'transactionAttributeSource'
[2022-08-12 07:49:16] - Autowiring by type from bean name 'org.springframework.transaction.config.internalTransactionAdvisor' via factory method to bean named 'transactionAttributeSource'
[2022-08-12 07:49:16] - Autowiring by type from bean name 'org.springframework.transaction.config.internalTransactionAdvisor' via factory method to bean named 'transactionInterceptor'
[2022-08-12 07:49:16] - Unable to locate ThemeSource with name 'themeSource': using default [org.springframework.ui.context.support.ResourceBundleThemeSource@5610de90]
[2022-08-12 07:49:16] - Creating shared instance of singleton bean 'tomcatServletWebServerFactory'
[2022-08-12 07:49:16] - Creating shared instance of singleton bean 'org.springframework.boot.autoconfigure.web.servlet.ServletWebServerFactoryConfiguration$EmbeddedTomcat'
[2022-08-12 07:49:16] - Creating shared instance of singleton bean 'websocketServletWebServerCustomizer'
[2022-08-12 07:49:16] - Creating shared instance of singleton bean 'org.springframework.boot.autoconfigure.websocket.servlet.WebSocketServletAutoConfiguration$TomcatWebSocketConfiguration'
[2022-08-12 07:49:16] - Creating shared instance of singleton bean 'servletWebServerFactoryCustomizer'
[2022-08-12 07:49:16] - Creating shared instance of singleton bean 'org.springframework.boot.autoconfigure.web.servlet.ServletWebServerFactoryAutoConfiguration'
[2022-08-12 07:49:16] - Creating shared instance of singleton bean 'server-org.springframework.boot.autoconfigure.web.ServerProperties'
[2022-08-12 07:49:16] - Creating shared instance of singleton bean 'org.springframework.boot.context.properties.BoundConfigurationProperties'
[2022-08-12 07:49:16] - Autowiring by type from bean name 'servletWebServerFactoryCustomizer' via factory method to bean named 'server-org.springframework.boot.autoconfigure.web.ServerProperties'
[2022-08-12 07:49:16] - Creating shared instance of singleton bean 'tomcatServletWebServerFactoryCustomizer'
[2022-08-12 07:49:16] - Autowiring by type from bean name 'tomcatServletWebServerFactoryCustomizer' via factory method to bean named 'server-org.springframework.boot.autoconfigure.web.ServerProperties'
[2022-08-12 07:49:16] - Creating shared instance of singleton bean 'tomcatWebServerFactoryCustomizer'
[2022-08-12 07:49:16] - Creating shared instance of singleton bean 'org.springframework.boot.autoconfigure.web.embedded.EmbeddedWebServerFactoryCustomizerAutoConfiguration$TomcatWebServerFactoryCustomizerConfiguration'
[2022-08-12 07:49:16] - Autowiring by type from bean name 'tomcatWebServerFactoryCustomizer' via factory method to bean named 'environment'
[2022-08-12 07:49:16] - Autowiring by type from bean name 'tomcatWebServerFactoryCustomizer' via factory method to bean named 'server-org.springframework.boot.autoconfigure.web.ServerProperties'
[2022-08-12 07:49:16] - Creating shared instance of singleton bean 'localeCharsetMappingsCustomizer'
[2022-08-12 07:49:16] - Creating shared instance of singleton bean 'org.springframework.boot.autoconfigure.web.servlet.HttpEncodingAutoConfiguration'
[2022-08-12 07:49:16] - Autowiring by type from bean name 'org.springframework.boot.autoconfigure.web.servlet.HttpEncodingAutoConfiguration' via constructor to bean named 'server-org.springframework.boot.autoconfigure.web.ServerProperties'
[2022-08-12 07:49:16] - Creating shared instance of singleton bean 'errorPageCustomizer'
[2022-08-12 07:49:16] - Creating shared instance of singleton bean 'org.springframework.boot.autoconfigure.web.servlet.error.ErrorMvcAutoConfiguration'
[2022-08-12 07:49:16] - Autowiring by type from bean name 'org.springframework.boot.autoconfigure.web.servlet.error.ErrorMvcAutoConfiguration' via constructor to bean named 'server-org.springframework.boot.autoconfigure.web.ServerProperties'
[2022-08-12 07:49:16] - Creating shared instance of singleton bean 'dispatcherServletRegistration'
[2022-08-12 07:49:16] - Creating shared instance of singleton bean 'org.springframework.boot.autoconfigure.web.servlet.DispatcherServletAutoConfiguration$DispatcherServletRegistrationConfiguration'
[2022-08-12 07:49:16] - Creating shared instance of singleton bean 'dispatcherServlet'
[2022-08-12 07:49:16] - Creating shared instance of singleton bean 'org.springframework.boot.autoconfigure.web.servlet.DispatcherServletAutoConfiguration$DispatcherServletConfiguration'
[2022-08-12 07:49:16] - Creating shared instance of singleton bean 'spring.mvc-org.springframework.boot.autoconfigure.web.servlet.WebMvcProperties'
[2022-08-12 07:49:16] - Autowiring by type from bean name 'dispatcherServlet' via factory method to bean named 'spring.mvc-org.springframework.boot.autoconfigure.web.servlet.WebMvcProperties'
[2022-08-12 07:49:16] - Autowiring by type from bean name 'dispatcherServletRegistration' via factory method to bean named 'dispatcherServlet'
[2022-08-12 07:49:16] - Autowiring by type from bean name 'dispatcherServletRegistration' via factory method to bean named 'spring.mvc-org.springframework.boot.autoconfigure.web.servlet.WebMvcProperties'
[2022-08-12 07:49:16] - Creating shared instance of singleton bean 'multipartConfigElement'
[2022-08-12 07:49:16] - Creating shared instance of singleton bean 'org.springframework.boot.autoconfigure.web.servlet.MultipartAutoConfiguration'
[2022-08-12 07:49:16] - Creating shared instance of singleton bean 'spring.servlet.multipart-org.springframework.boot.autoconfigure.web.servlet.MultipartProperties'
[2022-08-12 07:49:16] - Autowiring by type from bean name 'org.springframework.boot.autoconfigure.web.servlet.MultipartAutoConfiguration' via constructor to bean named 'spring.servlet.multipart-org.springframework.boot.autoconfigure.web.servlet.MultipartProperties'
[2022-08-12 07:49:16] - Autowiring by type from bean name 'errorPageCustomizer' via factory method to bean named 'dispatcherServletRegistration'
[2022-08-12 07:49:16] - Code archive: C:\Users\rahee\.m2\repository\org\springframework\boot\spring-boot\2.7.2\spring-boot-2.7.2.jar
[2022-08-12 07:49:16] - Code archive: C:\Users\rahee\.m2\repository\org\springframework\boot\spring-boot\2.7.2\spring-boot-2.7.2.jar
[2022-08-12 07:49:16] - Document root: C:\BootCamp\SpringBack\Project002\src\main\webapp
[2022-08-12 07:49:16] - Tomcat initialized with port(s): 2022 (http)
[2022-08-12 07:49:16] - Initializing ProtocolHandler ["http-nio-2022"]
[2022-08-12 07:49:16] - Starting service [Tomcat]
[2022-08-12 07:49:16] - Starting Servlet engine: [Apache Tomcat/9.0.65]
[2022-08-12 07:49:16] - At least one JAR was scanned for TLDs yet contained no TLDs. Enable debug logging for this logger for a complete list of JARs that were scanned but no TLDs were found in them. Skipping unneeded JARs during scanning can improve startup time and JSP compilation time.
[2022-08-12 07:49:16] - Initializing Spring embedded WebApplicationContext
[2022-08-12 07:49:16] - Published root WebApplicationContext as ServletContext attribute with name [org.springframework.web.context.WebApplicationContext.ROOT]
[2022-08-12 07:49:16] - Root WebApplicationContext: initialization completed in 397 ms
[2022-08-12 07:49:16] - Creating shared instance of singleton bean 'requestContextFilter'
[2022-08-12 07:49:16] - Creating shared instance of singleton bean 'formContentFilter'
[2022-08-12 07:49:16] - Creating shared instance of singleton bean 'org.springframework.boot.autoconfigure.web.servlet.WebMvcAutoConfiguration'
[2022-08-12 07:49:16] - Creating shared instance of singleton bean 'characterEncodingFilter'
[2022-08-12 07:49:16] - Mapping filters: characterEncodingFilter urls=[/*] order=-2147483648, formContentFilter urls=[/*] order=-9900, requestContextFilter urls=[/*] order=-105
[2022-08-12 07:49:16] - Mapping servlets: dispatcherServlet urls=[/]
[2022-08-12 07:49:16] - Filter 'requestContextFilter' configured for use
[2022-08-12 07:49:16] - Filter 'characterEncodingFilter' configured for use
[2022-08-12 07:49:16] - Filter 'formContentFilter' configured for use
[2022-08-12 07:49:16] - Creating shared instance of singleton bean 'dataSourceScriptDatabaseInitializer'
[2022-08-12 07:49:16] - Creating shared instance of singleton bean 'org.springframework.boot.autoconfigure.sql.init.DataSourceInitializationConfiguration'
[2022-08-12 07:49:16] - Creating shared instance of singleton bean 'dataSource'
[2022-08-12 07:49:16] - Creating shared instance of singleton bean 'org.springframework.boot.autoconfigure.jdbc.DataSourceConfiguration$Hikari'
[2022-08-12 07:49:16] - Creating shared instance of singleton bean 'spring.datasource-org.springframework.boot.autoconfigure.jdbc.DataSourceProperties'
[2022-08-12 07:49:16] - Found key 'D_PASS' in PropertySource 'systemEnvironment' with value of type String
[2022-08-12 07:49:16] - Found key 'D_URL' in PropertySource 'systemEnvironment' with value of type String
[2022-08-12 07:49:16] - Found key 'D_NAME' in PropertySource 'systemEnvironment' with value of type String
[2022-08-12 07:49:16] - Found key 'D_USER' in PropertySource 'systemEnvironment' with value of type String
[2022-08-12 07:49:16] - Autowiring by type from bean name 'dataSource' via factory method to bean named 'spring.datasource-org.springframework.boot.autoconfigure.jdbc.DataSourceProperties'
[2022-08-12 07:49:16] - Driver class org.postgresql.Driver found in Thread context class loader org.springframework.boot.devtools.restart.classloader.RestartClassLoader@590a06ae
[2022-08-12 07:49:16] - Creating shared instance of singleton bean 'spring.sql.init-org.springframework.boot.autoconfigure.sql.init.SqlInitializationProperties'
[2022-08-12 07:49:16] - Autowiring by type from bean name 'dataSourceScriptDatabaseInitializer' via factory method to bean named 'dataSource'
[2022-08-12 07:49:16] - Autowiring by type from bean name 'dataSourceScriptDatabaseInitializer' via factory method to bean named 'spring.sql.init-org.springframework.boot.autoconfigure.sql.init.SqlInitializationProperties'
[2022-08-12 07:49:16] - Creating shared instance of singleton bean 'inMemoryDatabaseShutdownExecutor'
[2022-08-12 07:49:16] - Creating shared instance of singleton bean 'org.springframework.boot.devtools.autoconfigure.DevToolsDataSourceAutoConfiguration'
[2022-08-12 07:49:16] - Autowiring by type from bean name 'inMemoryDatabaseShutdownExecutor' via factory method to bean named 'dataSource'
[2022-08-12 07:49:16] - Autowiring by type from bean name 'inMemoryDatabaseShutdownExecutor' via factory method to bean named 'spring.datasource-org.springframework.boot.autoconfigure.jdbc.DataSourceProperties'
[2022-08-12 07:49:16] - Creating shared instance of singleton bean 'entityManagerFactory'
[2022-08-12 07:49:16] - Creating shared instance of singleton bean 'org.springframework.boot.autoconfigure.orm.jpa.HibernateJpaConfiguration'
[2022-08-12 07:49:16] - Creating shared instance of singleton bean 'spring.jpa-org.springframework.boot.autoconfigure.orm.jpa.JpaProperties'
[2022-08-12 07:49:16] - Creating shared instance of singleton bean 'spring.jpa.hibernate-org.springframework.boot.autoconfigure.orm.jpa.HibernateProperties'
[2022-08-12 07:49:16] - Autowiring by type from bean name 'org.springframework.boot.autoconfigure.orm.jpa.HibernateJpaConfiguration' via constructor to bean named 'dataSource'
[2022-08-12 07:49:16] - Autowiring by type from bean name 'org.springframework.boot.autoconfigure.orm.jpa.HibernateJpaConfiguration' via constructor to bean named 'spring.jpa-org.springframework.boot.autoconfigure.orm.jpa.JpaProperties'
[2022-08-12 07:49:16] - Autowiring by type from bean name 'org.springframework.boot.autoconfigure.orm.jpa.HibernateJpaConfiguration' via constructor to bean named 'org.springframework.beans.factory.support.DefaultListableBeanFactory@4681ddeb'
[2022-08-12 07:49:16] - Autowiring by type from bean name 'org.springframework.boot.autoconfigure.orm.jpa.HibernateJpaConfiguration' via constructor to bean named 'spring.jpa.hibernate-org.springframework.boot.autoconfigure.orm.jpa.HibernateProperties'
[2022-08-12 07:49:16] - Creating shared instance of singleton bean 'hikariPoolDataSourceMetadataProvider'
