[2022-08-12 08:07:20] - Adding type registration java.sql.Time -> org.hibernate.type.TimeType@51eb8b66
[2022-08-12 08:07:20] - Adding type registration timestamp -> org.hibernate.type.TimestampType@39f01366
[2022-08-12 08:07:20] - Adding type registration java.sql.Timestamp -> org.hibernate.type.TimestampType@39f01366
[2022-08-12 08:07:20] - Adding type registration java.util.Date -> org.hibernate.type.TimestampType@39f01366
[2022-08-12 08:07:20] - Adding type registration dbtimestamp -> org.hibernate.type.DbTimestampType@108b9d29
[2022-08-12 08:07:20] - Adding type registration calendar -> org.hibernate.type.CalendarType@5d5bf6ba
[2022-08-12 08:07:20] - Adding type registration java.util.Calendar -> org.hibernate.type.CalendarType@5d5bf6ba
[2022-08-12 08:07:20] - Adding type registration java.util.GregorianCalendar -> org.hibernate.type.CalendarType@5d5bf6ba
[2022-08-12 08:07:20] - Adding type registration calendar_date -> org.hibernate.type.CalendarDateType@6210261c
[2022-08-12 08:07:20] - Adding type registration calendar_time -> org.hibernate.type.CalendarTimeType@2d8f4c8e
[2022-08-12 08:07:20] - Adding type registration locale -> org.hibernate.type.LocaleType@3c47955e
[2022-08-12 08:07:20] - Adding type registration java.util.Locale -> org.hibernate.type.LocaleType@3c47955e
[2022-08-12 08:07:20] - Adding type registration currency -> org.hibernate.type.CurrencyType@73b494b0
[2022-08-12 08:07:20] - Adding type registration java.util.Currency -> org.hibernate.type.CurrencyType@73b494b0
[2022-08-12 08:07:20] - Adding type registration timezone -> org.hibernate.type.TimeZoneType@62ab3c13
[2022-08-12 08:07:20] - Adding type registration java.util.TimeZone -> org.hibernate.type.TimeZoneType@62ab3c13
[2022-08-12 08:07:20] - Adding type registration class -> org.hibernate.type.ClassType@78c43754
[2022-08-12 08:07:20] - Adding type registration java.lang.Class -> org.hibernate.type.ClassType@78c43754
[2022-08-12 08:07:20] - Adding type registration uuid-binary -> org.hibernate.type.UUIDBinaryType@56f24632
[2022-08-12 08:07:20] - Adding type registration java.util.UUID -> org.hibernate.type.UUIDBinaryType@56f24632
[2022-08-12 08:07:20] - Adding type registration uuid-char -> org.hibernate.type.UUIDCharType@432810a4
[2022-08-12 08:07:20] - Adding type registration binary -> org.hibernate.type.BinaryType@4fc471ae
[2022-08-12 08:07:20] - Adding type registration byte[] -> org.hibernate.type.BinaryType@4fc471ae
[2022-08-12 08:07:20] - Adding type registration [B -> org.hibernate.type.BinaryType@4fc471ae
[2022-08-12 08:07:20] - Adding type registration wrapper-binary -> org.hibernate.type.WrapperBinaryType@47322a39
[2022-08-12 08:07:20] - Adding type registration Byte[] -> org.hibernate.type.WrapperBinaryType@47322a39
[2022-08-12 08:07:20] - Adding type registration [Ljava.lang.Byte; -> org.hibernate.type.WrapperBinaryType@47322a39
[2022-08-12 08:07:20] - Adding type registration row_version -> org.hibernate.type.RowVersionType@7d52a2c6
[2022-08-12 08:07:20] - Adding type registration image -> org.hibernate.type.ImageType@38f816fe
[2022-08-12 08:07:20] - Adding type registration characters -> org.hibernate.type.CharArrayType@4b08d2a4
[2022-08-12 08:07:20] - Adding type registration char[] -> org.hibernate.type.CharArrayType@4b08d2a4
[2022-08-12 08:07:20] - Adding type registration [C -> org.hibernate.type.CharArrayType@4b08d2a4
[2022-08-12 08:07:20] - Adding type registration wrapper-characters -> org.hibernate.type.CharacterArrayType@3e4a096b
[2022-08-12 08:07:20] - Adding type registration [Ljava.lang.Character; -> org.hibernate.type.CharacterArrayType@3e4a096b
[2022-08-12 08:07:20] - Adding type registration Character[] -> org.hibernate.type.CharacterArrayType@3e4a096b
[2022-08-12 08:07:20] - Adding type registration text -> org.hibernate.type.TextType@55c600ad
[2022-08-12 08:07:20] - Adding type registration ntext -> org.hibernate.type.NTextType@148c0c0f
[2022-08-12 08:07:20] - Adding type registration blob -> org.hibernate.type.BlobType@4233a099
[2022-08-12 08:07:20] - Adding type registration java.sql.Blob -> org.hibernate.type.BlobType@4233a099
[2022-08-12 08:07:20] - Adding type registration materialized_blob -> org.hibernate.type.MaterializedBlobType@618d85df
[2022-08-12 08:07:20] - Adding type registration clob -> org.hibernate.type.ClobType@72464d2c
[2022-08-12 08:07:20] - Adding type registration java.sql.Clob -> org.hibernate.type.ClobType@72464d2c
[2022-08-12 08:07:20] - Adding type registration nclob -> org.hibernate.type.NClobType@5dcbddf0
[2022-08-12 08:07:20] - Adding type registration java.sql.NClob -> org.hibernate.type.NClobType@5dcbddf0
[2022-08-12 08:07:20] - Adding type registration materialized_clob -> org.hibernate.type.MaterializedClobType@3c612e2e
[2022-08-12 08:07:20] - Adding type registration materialized_nclob -> org.hibernate.type.MaterializedNClobType@446ba939
[2022-08-12 08:07:20] - Adding type registration serializable -> org.hibernate.type.SerializableType@c3460cd
[2022-08-12 08:07:20] - Adding type registration object -> org.hibernate.type.ObjectType@d49476b
[2022-08-12 08:07:20] - Adding type registration java.lang.Object -> org.hibernate.type.ObjectType@d49476b
[2022-08-12 08:07:20] - Adding type registration imm_date -> org.hibernate.type.AdaptedImmutableType@4040fe8d
[2022-08-12 08:07:20] - Adding type registration imm_time -> org.hibernate.type.AdaptedImmutableType@17a323ad
[2022-08-12 08:07:20] - Adding type registration imm_timestamp -> org.hibernate.type.AdaptedImmutableType@345d7efc
[2022-08-12 08:07:20] - Adding type registration imm_dbtimestamp -> org.hibernate.type.AdaptedImmutableType@5828f62a
[2022-08-12 08:07:20] - Adding type registration imm_calendar -> org.hibernate.type.AdaptedImmutableType@1fdbcf34
[2022-08-12 08:07:20] - Adding type registration imm_calendar_date -> org.hibernate.type.AdaptedImmutableType@116b2929
[2022-08-12 08:07:20] - Adding type registration imm_binary -> org.hibernate.type.AdaptedImmutableType@4e9e0f66
[2022-08-12 08:07:20] - Adding type registration imm_serializable -> org.hibernate.type.AdaptedImmutableType@51982939
[2022-08-12 08:07:20] - Injecting JPA temp ClassLoader [org.springframework.instrument.classloading.SimpleThrowawayClassLoader@5891af16] into BootstrapContext; was [null]
[2022-08-12 08:07:20] - ClassLoaderAccessImpl#injectTempClassLoader(org.springframework.instrument.classloading.SimpleThrowawayClassLoader@5891af16) [was null]
[2022-08-12 08:07:20] - Injecting ScanEnvironment [org.hibernate.jpa.boot.internal.StandardJpaScanEnvironmentImpl@664a6e5d] into BootstrapContext; was [null]
[2022-08-12 08:07:20] - Injecting ScanOptions [org.hibernate.boot.archive.scan.internal.StandardScanOptions@760b424c] into BootstrapContext; was [org.hibernate.boot.archive.scan.internal.StandardScanOptions@39cd23ba]
[2022-08-12 08:07:20] - Injecting JPA temp ClassLoader [null] into BootstrapContext; was [org.springframework.instrument.classloading.SimpleThrowawayClassLoader@5891af16]
[2022-08-12 08:07:20] - ClassLoaderAccessImpl#injectTempClassLoader(null) [was org.springframework.instrument.classloading.SimpleThrowawayClassLoader@5891af16]
[2022-08-12 08:07:20] - Registering IdentifierGenerator strategy [uuid2] -> [org.hibernate.id.UUIDGenerator]
[2022-08-12 08:07:20] - Registering IdentifierGenerator strategy [guid] -> [org.hibernate.id.GUIDGenerator]
[2022-08-12 08:07:20] - Registering IdentifierGenerator strategy [uuid] -> [org.hibernate.id.UUIDHexGenerator]
[2022-08-12 08:07:20] - Registering IdentifierGenerator strategy [uuid.hex] -> [org.hibernate.id.UUIDHexGenerator]
[2022-08-12 08:07:20] - Registering IdentifierGenerator strategy [assigned] -> [org.hibernate.id.Assigned]
[2022-08-12 08:07:20] - Registering IdentifierGenerator strategy [identity] -> [org.hibernate.id.IdentityGenerator]
[2022-08-12 08:07:20] - Registering IdentifierGenerator strategy [select] -> [org.hibernate.id.SelectGenerator]
[2022-08-12 08:07:20] - Registering IdentifierGenerator strategy [sequence] -> [org.hibernate.id.enhanced.SequenceStyleGenerator]
[2022-08-12 08:07:20] - Registering IdentifierGenerator strategy [seqhilo] -> [org.hibernate.id.SequenceHiLoGenerator]
[2022-08-12 08:07:20] - Registering IdentifierGenerator strategy [increment] -> [org.hibernate.id.IncrementGenerator]
[2022-08-12 08:07:20] - Registering IdentifierGenerator strategy [foreign] -> [org.hibernate.id.ForeignGenerator]
[2022-08-12 08:07:20] - Registering IdentifierGenerator strategy [sequence-identity] -> [org.hibernate.id.SequenceIdentityGenerator]
[2022-08-12 08:07:20] - Registering IdentifierGenerator strategy [enhanced-sequence] -> [org.hibernate.id.enhanced.SequenceStyleGenerator]
[2022-08-12 08:07:20] - Registering IdentifierGenerator strategy [enhanced-table] -> [org.hibernate.id.enhanced.TableGenerator]
[2022-08-12 08:07:20] - HikariPool-8 - configuration:
[2022-08-12 08:07:20] - allowPoolSuspension................................false
[2022-08-12 08:07:20] - autoCommit................................true
[2022-08-12 08:07:20] - catalog................................none
[2022-08-12 08:07:20] - connectionInitSql................................none
[2022-08-12 08:07:20] - connectionTestQuery................................none
[2022-08-12 08:07:20] - connectionTimeout................................30000
[2022-08-12 08:07:20] - dataSource................................none
[2022-08-12 08:07:20] - dataSourceClassName................................none
[2022-08-12 08:07:20] - dataSourceJNDI................................none
[2022-08-12 08:07:20] - dataSourceProperties................................{password=<masked>}
[2022-08-12 08:07:20] - driverClassName................................"org.postgresql.Driver"
[2022-08-12 08:07:20] - exceptionOverrideClassName................................none
[2022-08-12 08:07:20] - healthCheckProperties................................{}
[2022-08-12 08:07:20] - healthCheckRegistry................................none
[2022-08-12 08:07:20] - idleTimeout................................600000
[2022-08-12 08:07:20] - initializationFailTimeout................................1
[2022-08-12 08:07:20] - isolateInternalQueries................................false
[2022-08-12 08:07:20] - jdbcUrl................................jdbc:postgresql://bookstore.cemk2svmngo7.us-east-1.rds.amazonaws.com/bookstore
[2022-08-12 08:07:20] - keepaliveTime................................0
[2022-08-12 08:07:20] - leakDetectionThreshold................................0
[2022-08-12 08:07:20] - maxLifetime................................1800000
[2022-08-12 08:07:20] - maximumPoolSize................................10
[2022-08-12 08:07:20] - metricRegistry................................none
[2022-08-12 08:07:20] - metricsTrackerFactory................................none
[2022-08-12 08:07:20] - minimumIdle................................10
[2022-08-12 08:07:20] - password................................<masked>
[2022-08-12 08:07:20] - poolName................................"HikariPool-8"
[2022-08-12 08:07:20] - readOnly................................false
[2022-08-12 08:07:20] - registerMbeans................................false
[2022-08-12 08:07:20] - scheduledExecutor................................none
[2022-08-12 08:07:20] - schema................................none
[2022-08-12 08:07:20] - threadFactory................................internal
[2022-08-12 08:07:20] - transactionIsolation................................default
[2022-08-12 08:07:20] - username................................"bookowner"
[2022-08-12 08:07:20] - validationTimeout................................5000
[2022-08-12 08:07:20] - HikariPool-8 - Starting...
[2022-08-12 08:07:21] - HikariPool-8 - Added connection org.postgresql.jdbc.PgConnection@59fc61df
[2022-08-12 08:07:21] - HikariPool-8 - Start completed.
[2022-08-12 08:07:21] - Database ->
       name : PostgreSQL
    version : 13.4
      major : 13
      minor : 4
[2022-08-12 08:07:21] - Driver ->
       name : PostgreSQL JDBC Driver
    version : 42.3.6
      major : 42
      minor : 3
[2022-08-12 08:07:21] - JDBC version : 4.2
[2022-08-12 08:07:21] - HHH000400: Using dialect: org.hibernate.dialect.PostgreSQLDialect
[2022-08-12 08:07:21] - JDBC driver metadata reported database stores quoted identifiers in neither upper, lower nor mixed case
