[2022-08-12 08:07:20] - Autowiring by type from bean name 'org.springframework.boot.autoconfigure.web.servlet.HttpEncodingAutoConfiguration' via constructor to bean named 'server-org.springframework.boot.autoconfigure.web.ServerProperties'
[2022-08-12 08:07:20] - Creating shared instance of singleton bean 'errorPageCustomizer'
[2022-08-12 08:07:20] - Creating shared instance of singleton bean 'org.springframework.boot.autoconfigure.web.servlet.error.ErrorMvcAutoConfiguration'
[2022-08-12 08:07:20] - Autowiring by type from bean name 'org.springframework.boot.autoconfigure.web.servlet.error.ErrorMvcAutoConfiguration' via constructor to bean named 'server-org.springframework.boot.autoconfigure.web.ServerProperties'
[2022-08-12 08:07:20] - Creating shared instance of singleton bean 'dispatcherServletRegistration'
[2022-08-12 08:07:20] - Creating shared instance of singleton bean 'org.springframework.boot.autoconfigure.web.servlet.DispatcherServletAutoConfiguration$DispatcherServletRegistrationConfiguration'
[2022-08-12 08:07:20] - Creating shared instance of singleton bean 'dispatcherServlet'
[2022-08-12 08:07:20] - Creating shared instance of singleton bean 'org.springframework.boot.autoconfigure.web.servlet.DispatcherServletAutoConfiguration$DispatcherServletConfiguration'
[2022-08-12 08:07:20] - Creating shared instance of singleton bean 'spring.mvc-org.springframework.boot.autoconfigure.web.servlet.WebMvcProperties'
[2022-08-12 08:07:20] - Autowiring by type from bean name 'dispatcherServlet' via factory method to bean named 'spring.mvc-org.springframework.boot.autoconfigure.web.servlet.WebMvcProperties'
[2022-08-12 08:07:20] - Autowiring by type from bean name 'dispatcherServletRegistration' via factory method to bean named 'dispatcherServlet'
[2022-08-12 08:07:20] - Autowiring by type from bean name 'dispatcherServletRegistration' via factory method to bean named 'spring.mvc-org.springframework.boot.autoconfigure.web.servlet.WebMvcProperties'
[2022-08-12 08:07:20] - Creating shared instance of singleton bean 'multipartConfigElement'
[2022-08-12 08:07:20] - Creating shared instance of singleton bean 'org.springframework.boot.autoconfigure.web.servlet.MultipartAutoConfiguration'
[2022-08-12 08:07:20] - Creating shared instance of singleton bean 'spring.servlet.multipart-org.springframework.boot.autoconfigure.web.servlet.MultipartProperties'
[2022-08-12 08:07:20] - Autowiring by type from bean name 'org.springframework.boot.autoconfigure.web.servlet.MultipartAutoConfiguration' via constructor to bean named 'spring.servlet.multipart-org.springframework.boot.autoconfigure.web.servlet.MultipartProperties'
[2022-08-12 08:07:20] - Autowiring by type from bean name 'errorPageCustomizer' via factory method to bean named 'dispatcherServletRegistration'
[2022-08-12 08:07:20] - Code archive: C:\Users\rahee\.m2\repository\org\springframework\boot\spring-boot\2.7.2\spring-boot-2.7.2.jar
[2022-08-12 08:07:20] - Code archive: C:\Users\rahee\.m2\repository\org\springframework\boot\spring-boot\2.7.2\spring-boot-2.7.2.jar
[2022-08-12 08:07:20] - Document root: C:\BootCamp\SpringBack\Project002\src\main\webapp
[2022-08-12 08:07:20] - Tomcat initialized with port(s): 2022 (http)
[2022-08-12 08:07:20] - Published root WebApplicationContext as ServletContext attribute with name [org.springframework.web.context.WebApplicationContext.ROOT]
[2022-08-12 08:07:20] - Root WebApplicationContext: initialization completed in 458 ms
[2022-08-12 08:07:20] - Creating shared instance of singleton bean 'requestContextFilter'
[2022-08-12 08:07:20] - Creating shared instance of singleton bean 'formContentFilter'
[2022-08-12 08:07:20] - Creating shared instance of singleton bean 'org.springframework.boot.autoconfigure.web.servlet.WebMvcAutoConfiguration'
[2022-08-12 08:07:20] - Creating shared instance of singleton bean 'characterEncodingFilter'
[2022-08-12 08:07:20] - Mapping filters: characterEncodingFilter urls=[/*] order=-2147483648, formContentFilter urls=[/*] order=-9900, requestContextFilter urls=[/*] order=-105
[2022-08-12 08:07:20] - Mapping servlets: dispatcherServlet urls=[/]
[2022-08-12 08:07:20] - Filter 'requestContextFilter' configured for use
[2022-08-12 08:07:20] - Filter 'characterEncodingFilter' configured for use
[2022-08-12 08:07:20] - Filter 'formContentFilter' configured for use
[2022-08-12 08:07:20] - Creating shared instance of singleton bean 'dataSourceScriptDatabaseInitializer'
[2022-08-12 08:07:20] - Creating shared instance of singleton bean 'org.springframework.boot.autoconfigure.sql.init.DataSourceInitializationConfiguration'
[2022-08-12 08:07:20] - Creating shared instance of singleton bean 'dataSource'
[2022-08-12 08:07:20] - Creating shared instance of singleton bean 'org.springframework.boot.autoconfigure.jdbc.DataSourceConfiguration$Hikari'
[2022-08-12 08:07:20] - Creating shared instance of singleton bean 'spring.datasource-org.springframework.boot.autoconfigure.jdbc.DataSourceProperties'
[2022-08-12 08:07:20] - Found key 'D_PASS' in PropertySource 'systemEnvironment' with value of type String
[2022-08-12 08:07:20] - Found key 'D_URL' in PropertySource 'systemEnvironment' with value of type String
[2022-08-12 08:07:20] - Found key 'D_NAME' in PropertySource 'systemEnvironment' with value of type String
[2022-08-12 08:07:20] - Found key 'D_USER' in PropertySource 'systemEnvironment' with value of type String
[2022-08-12 08:07:20] - Autowiring by type from bean name 'dataSource' via factory method to bean named 'spring.datasource-org.springframework.boot.autoconfigure.jdbc.DataSourceProperties'
[2022-08-12 08:07:20] - Driver class org.postgresql.Driver found in Thread context class loader org.springframework.boot.devtools.restart.classloader.RestartClassLoader@7b3dfe28
[2022-08-12 08:07:20] - Creating shared instance of singleton bean 'spring.sql.init-org.springframework.boot.autoconfigure.sql.init.SqlInitializationProperties'
[2022-08-12 08:07:20] - Autowiring by type from bean name 'dataSourceScriptDatabaseInitializer' via factory method to bean named 'dataSource'
[2022-08-12 08:07:20] - Autowiring by type from bean name 'dataSourceScriptDatabaseInitializer' via factory method to bean named 'spring.sql.init-org.springframework.boot.autoconfigure.sql.init.SqlInitializationProperties'
[2022-08-12 08:07:20] - Creating shared instance of singleton bean 'inMemoryDatabaseShutdownExecutor'
[2022-08-12 08:07:20] - Creating shared instance of singleton bean 'org.springframework.boot.devtools.autoconfigure.DevToolsDataSourceAutoConfiguration'
[2022-08-12 08:07:20] - Autowiring by type from bean name 'inMemoryDatabaseShutdownExecutor' via factory method to bean named 'dataSource'
[2022-08-12 08:07:20] - Autowiring by type from bean name 'inMemoryDatabaseShutdownExecutor' via factory method to bean named 'spring.datasource-org.springframework.boot.autoconfigure.jdbc.DataSourceProperties'
[2022-08-12 08:07:20] - Creating shared instance of singleton bean 'entityManagerFactory'
[2022-08-12 08:07:20] - Creating shared instance of singleton bean 'org.springframework.boot.autoconfigure.orm.jpa.HibernateJpaConfiguration'
[2022-08-12 08:07:20] - Creating shared instance of singleton bean 'spring.jpa-org.springframework.boot.autoconfigure.orm.jpa.JpaProperties'
[2022-08-12 08:07:20] - Creating shared instance of singleton bean 'spring.jpa.hibernate-org.springframework.boot.autoconfigure.orm.jpa.HibernateProperties'
[2022-08-12 08:07:20] - Autowiring by type from bean name 'org.springframework.boot.autoconfigure.orm.jpa.HibernateJpaConfiguration' via constructor to bean named 'dataSource'
[2022-08-12 08:07:20] - Autowiring by type from bean name 'org.springframework.boot.autoconfigure.orm.jpa.HibernateJpaConfiguration' via constructor to bean named 'spring.jpa-org.springframework.boot.autoconfigure.orm.jpa.JpaProperties'
[2022-08-12 08:07:20] - Autowiring by type from bean name 'org.springframework.boot.autoconfigure.orm.jpa.HibernateJpaConfiguration' via constructor to bean named 'org.springframework.beans.factory.support.DefaultListableBeanFactory@36ab877e'
[2022-08-12 08:07:20] - Autowiring by type from bean name 'org.springframework.boot.autoconfigure.orm.jpa.HibernateJpaConfiguration' via constructor to bean named 'spring.jpa.hibernate-org.springframework.boot.autoconfigure.orm.jpa.HibernateProperties'
[2022-08-12 08:07:20] - Creating shared instance of singleton bean 'hikariPoolDataSourceMetadataProvider'
[2022-08-12 08:07:20] - Creating shared instance of singleton bean 'org.springframework.boot.autoconfigure.jdbc.metadata.DataSourcePoolMetadataProvidersConfiguration$HikariPoolDataSourceMetadataProviderConfiguration'
[2022-08-12 08:07:20] - Creating shared instance of singleton bean 'entityManagerFactoryBuilder'
[2022-08-12 08:07:20] - Creating shared instance of singleton bean 'jpaVendorAdapter'
[2022-08-12 08:07:20] - Autowiring by type from bean name 'entityManagerFactoryBuilder' via factory method to bean named 'jpaVendorAdapter'
[2022-08-12 08:07:20] - Autowiring by type from bean name 'entityManagerFactory' via factory method to bean named 'entityManagerFactoryBuilder'
[2022-08-12 08:07:20] - Building JPA container EntityManagerFactory for persistence unit 'default'
[2022-08-12 08:07:20] - PersistenceUnitInfo [
	name: default
	persistence provider classname: null
	classloader: org.springframework.boot.devtools.restart.classloader.RestartClassLoader@7b3dfe28
	excludeUnlistedClasses: true
	JTA datasource: null
	Non JTA datasource: HikariDataSource (null)
	Transaction type: RESOURCE_LOCAL
	PU root URL: file:/C:/BootCamp/SpringBack/Project002/target/classes/
	Shared Cache Mode: UNSPECIFIED
	Validation Mode: AUTO
	Jar files URLs []
	Managed classes names [
		com.revature.spring.backend.model.Books
		com.revature.spring.backend.model.Booky]
	Mapping files names []
	Properties []
[2022-08-12 08:07:20] - Adding Integrator [org.hibernate.cfg.beanvalidation.BeanValidationIntegrator].
[2022-08-12 08:07:20] - Adding Integrator [org.hibernate.secure.spi.JaccIntegrator].
[2022-08-12 08:07:20] - Adding Integrator [org.hibernate.cache.internal.CollectionCacheInvalidator].
[2022-08-12 08:07:20] - Overriding existing service binding [org.hibernate.secure.spi.JaccService]
[2022-08-12 08:07:20] - Cannot default RegionFactory based on registered strategies as `[]` RegionFactory strategies were registered
[2022-08-12 08:07:20] - Cache region factory : org.hibernate.cache.internal.NoCachingRegionFactory
[2022-08-12 08:07:20] - Adding type registration boolean -> org.hibernate.type.BooleanType@30ecc54d
[2022-08-12 08:07:20] - Adding type registration boolean -> org.hibernate.type.BooleanType@30ecc54d
[2022-08-12 08:07:20] - Adding type registration java.lang.Boolean -> org.hibernate.type.BooleanType@30ecc54d
[2022-08-12 08:07:20] - Adding type registration numeric_boolean -> org.hibernate.type.NumericBooleanType@54703c9d
[2022-08-12 08:07:20] - Adding type registration true_false -> org.hibernate.type.TrueFalseType@227c3d0e
[2022-08-12 08:07:20] - Adding type registration yes_no -> org.hibernate.type.YesNoType@2a324f6a
[2022-08-12 08:07:20] - Adding type registration byte -> org.hibernate.type.ByteType@6a330399
[2022-08-12 08:07:20] - Adding type registration byte -> org.hibernate.type.ByteType@6a330399
[2022-08-12 08:07:20] - Adding type registration java.lang.Byte -> org.hibernate.type.ByteType@6a330399
[2022-08-12 08:07:20] - Adding type registration character -> org.hibernate.type.CharacterType@2fe9e987
[2022-08-12 08:07:20] - Adding type registration char -> org.hibernate.type.CharacterType@2fe9e987
[2022-08-12 08:07:20] - Adding type registration java.lang.Character -> org.hibernate.type.CharacterType@2fe9e987
[2022-08-12 08:07:20] - Adding type registration short -> org.hibernate.type.ShortType@5a9fcfc1
[2022-08-12 08:07:20] - Adding type registration short -> org.hibernate.type.ShortType@5a9fcfc1
[2022-08-12 08:07:20] - Adding type registration java.lang.Short -> org.hibernate.type.ShortType@5a9fcfc1
[2022-08-12 08:07:20] - Adding type registration integer -> org.hibernate.type.IntegerType@2084a0d8
[2022-08-12 08:07:20] - Adding type registration int -> org.hibernate.type.IntegerType@2084a0d8
[2022-08-12 08:07:20] - Adding type registration java.lang.Integer -> org.hibernate.type.IntegerType@2084a0d8
[2022-08-12 08:07:20] - Adding type registration long -> org.hibernate.type.LongType@116d7709
[2022-08-12 08:07:20] - Adding type registration long -> org.hibernate.type.LongType@116d7709
[2022-08-12 08:07:20] - Adding type registration java.lang.Long -> org.hibernate.type.LongType@116d7709
[2022-08-12 08:07:20] - Adding type registration float -> org.hibernate.type.FloatType@5ab95f19
[2022-08-12 08:07:20] - Adding type registration float -> org.hibernate.type.FloatType@5ab95f19
[2022-08-12 08:07:20] - Adding type registration java.lang.Float -> org.hibernate.type.FloatType@5ab95f19
[2022-08-12 08:07:20] - Adding type registration double -> org.hibernate.type.DoubleType@ef0231a
[2022-08-12 08:07:20] - Adding type registration double -> org.hibernate.type.DoubleType@ef0231a
[2022-08-12 08:07:20] - Adding type registration java.lang.Double -> org.hibernate.type.DoubleType@ef0231a
[2022-08-12 08:07:20] - Adding type registration big_decimal -> org.hibernate.type.BigDecimalType@7a6c05a1
[2022-08-12 08:07:20] - Adding type registration java.math.BigDecimal -> org.hibernate.type.BigDecimalType@7a6c05a1
[2022-08-12 08:07:20] - Adding type registration big_integer -> org.hibernate.type.BigIntegerType@1e50099f
[2022-08-12 08:07:20] - Adding type registration java.math.BigInteger -> org.hibernate.type.BigIntegerType@1e50099f
[2022-08-12 08:07:20] - Adding type registration string -> org.hibernate.type.StringType@184422f5
[2022-08-12 08:07:20] - Adding type registration java.lang.String -> org.hibernate.type.StringType@184422f5
[2022-08-12 08:07:20] - Adding type registration nstring -> org.hibernate.type.StringNVarcharType@757bb3d7
[2022-08-12 08:07:20] - Adding type registration ncharacter -> org.hibernate.type.CharacterNCharType@625ceada
[2022-08-12 08:07:20] - Adding type registration url -> org.hibernate.type.UrlType@5b2e05e6
[2022-08-12 08:07:20] - Adding type registration java.net.URL -> org.hibernate.type.UrlType@5b2e05e6
[2022-08-12 08:07:20] - Adding type registration Duration -> org.hibernate.type.DurationType@5ef4d5e5
[2022-08-12 08:07:20] - Adding type registration java.time.Duration -> org.hibernate.type.DurationType@5ef4d5e5
[2022-08-12 08:07:20] - Adding type registration Instant -> org.hibernate.type.InstantType@14a1223
[2022-08-12 08:07:20] - Adding type registration java.time.Instant -> org.hibernate.type.InstantType@14a1223
[2022-08-12 08:07:20] - Adding type registration LocalDateTime -> org.hibernate.type.LocalDateTimeType@26863e22
[2022-08-12 08:07:20] - Adding type registration java.time.LocalDateTime -> org.hibernate.type.LocalDateTimeType@26863e22
[2022-08-12 08:07:20] - Adding type registration LocalDate -> org.hibernate.type.LocalDateType@6cf00662
[2022-08-12 08:07:20] - Adding type registration java.time.LocalDate -> org.hibernate.type.LocalDateType@6cf00662
[2022-08-12 08:07:20] - Adding type registration LocalTime -> org.hibernate.type.LocalTimeType@1e4032a4
[2022-08-12 08:07:20] - Adding type registration java.time.LocalTime -> org.hibernate.type.LocalTimeType@1e4032a4
[2022-08-12 08:07:20] - Adding type registration OffsetDateTime -> org.hibernate.type.OffsetDateTimeType@7ba3aac6
[2022-08-12 08:07:20] - Adding type registration java.time.OffsetDateTime -> org.hibernate.type.OffsetDateTimeType@7ba3aac6
[2022-08-12 08:07:20] - Adding type registration OffsetTime -> org.hibernate.type.OffsetTimeType@5ee6afd7
[2022-08-12 08:07:20] - Adding type registration java.time.OffsetTime -> org.hibernate.type.OffsetTimeType@5ee6afd7
[2022-08-12 08:07:20] - Adding type registration ZonedDateTime -> org.hibernate.type.ZonedDateTimeType@44c3db9d
[2022-08-12 08:07:20] - Adding type registration java.time.ZonedDateTime -> org.hibernate.type.ZonedDateTimeType@44c3db9d
[2022-08-12 08:07:20] - Adding type registration date -> org.hibernate.type.DateType@6cccd397
[2022-08-12 08:07:20] - Adding type registration java.sql.Date -> org.hibernate.type.DateType@6cccd397
[2022-08-12 08:07:20] - Adding type registration time -> org.hibernate.type.TimeType@51eb8b66
