[2022-08-12 08:05:54] - HikariPool-7 - Added connection org.postgresql.jdbc.PgConnection@32c04d97
[2022-08-12 08:05:55] - HikariPool-7 - Added connection org.postgresql.jdbc.PgConnection@1ae13cca
[2022-08-12 08:05:55] - HikariPool-7 - Added connection org.postgresql.jdbc.PgConnection@3b8d81d
[2022-08-12 08:05:56] - HikariPool-7 - Added connection org.postgresql.jdbc.PgConnection@6273f7f4
[2022-08-12 08:05:57] - HikariPool-7 - Added connection org.postgresql.jdbc.PgConnection@52efb2d8
[2022-08-12 08:05:57] - HikariPool-7 - Added connection org.postgresql.jdbc.PgConnection@41fbc323
[2022-08-12 08:05:58] - HikariPool-7 - Added connection org.postgresql.jdbc.PgConnection@4c69331
[2022-08-12 08:05:58] - HikariPool-7 - After adding stats (total=10, active=0, idle=10, waiting=0)
[2022-08-12 08:06:23] - HikariPool-7 - Pool stats (total=10, active=0, idle=10, waiting=0)
[2022-08-12 08:06:23] - HikariPool-7 - Fill pool skipped, pool is at sufficient level.
[2022-08-12 08:06:53] - HikariPool-7 - Pool stats (total=10, active=0, idle=10, waiting=0)
[2022-08-12 08:06:53] - HikariPool-7 - Fill pool skipped, pool is at sufficient level.
[2022-08-12 08:07:19] - Application restart required due to the following changes: [C:\BootCamp\SpringBack\Project002\target\classes [C:\BootCamp\SpringBack\Project002\target\classes\application.properties (MODIFY)]]
[2022-08-12 08:07:19] - Restarting application
[2022-08-12 08:07:19] - Stopping application
[2022-08-12 08:07:19] - Application availability state ReadinessState changed from ACCEPTING_TRAFFIC to REFUSING_TRAFFIC
[2022-08-12 08:07:19] - Closing org.springframework.boot.web.servlet.context.AnnotationConfigServletWebServerApplicationContext@2e1da413, started on Fri Aug 12 08:05:50 EDT 2022
[2022-08-12 08:07:19] - Stopping beans in phase 2147483647
[2022-08-12 08:07:19] - Bean 'webServerGracefulShutdown' completed its stop procedure
[2022-08-12 08:07:19] - Stopping beans in phase 2147483646
[2022-08-12 08:07:19] - Bean 'webServerStartStop' completed its stop procedure
[2022-08-12 08:07:19] - Unregistering JMX-exposed beans on shutdown
[2022-08-12 08:07:19] - Unregistering JMX-exposed beans
[2022-08-12 08:07:19] - Shutting down ExecutorService 'applicationTaskExecutor'
[2022-08-12 08:07:19] - Closing JPA EntityManagerFactory for persistence unit 'default'
[2022-08-12 08:07:19] - HHH000031: Closing
[2022-08-12 08:07:19] - Un-scoping TypeConfiguration [org.hibernate.type.spi.TypeConfiguration$Scope@4a3df6f3] from SessionFactory [org.hibernate.internal.SessionFactoryImpl@173f8917]
[2022-08-12 08:07:19] - Implicitly destroying ServiceRegistry on de-registration of all child ServiceRegistries
[2022-08-12 08:07:19] - Implicitly destroying Boot-strap registry on de-registration of all child ServiceRegistries
[2022-08-12 08:07:19] - HikariPool-7 - Shutdown initiated...
[2022-08-12 08:07:19] - HikariPool-7 - Before shutdown stats (total=10, active=0, idle=10, waiting=0)
[2022-08-12 08:07:19] - HikariPool-7 - Closing connection org.postgresql.jdbc.PgConnection@113f27a0: (connection evicted)
[2022-08-12 08:07:19] - HikariPool-7 - Closing connection org.postgresql.jdbc.PgConnection@7d3aa67b: (connection evicted)
[2022-08-12 08:07:19] - HikariPool-7 - Closing connection org.postgresql.jdbc.PgConnection@73fd47ac: (connection evicted)
[2022-08-12 08:07:19] - HikariPool-7 - Closing connection org.postgresql.jdbc.PgConnection@32c04d97: (connection evicted)
[2022-08-12 08:07:19] - HikariPool-7 - Closing connection org.postgresql.jdbc.PgConnection@1ae13cca: (connection evicted)
[2022-08-12 08:07:19] - HikariPool-7 - Closing connection org.postgresql.jdbc.PgConnection@3b8d81d: (connection evicted)
[2022-08-12 08:07:19] - HikariPool-7 - Closing connection org.postgresql.jdbc.PgConnection@6273f7f4: (connection evicted)
[2022-08-12 08:07:19] - HikariPool-7 - Closing connection org.postgresql.jdbc.PgConnection@52efb2d8: (connection evicted)
[2022-08-12 08:07:19] - HikariPool-7 - Closing connection org.postgresql.jdbc.PgConnection@41fbc323: (connection evicted)
[2022-08-12 08:07:19] - HikariPool-7 - Closing connection org.postgresql.jdbc.PgConnection@4c69331: (connection evicted)
[2022-08-12 08:07:19] - HikariPool-7 - After shutdown stats (total=0, active=0, idle=0, waiting=0)
[2022-08-12 08:07:19] - HikariPool-7 - Shutdown completed.
[2022-08-12 08:07:19] - Created RestartClassLoader org.springframework.boot.devtools.restart.classloader.RestartClassLoader@7b3dfe28
[2022-08-12 08:07:19] - Starting application com.revature.spring.backend.Project002Application with URLs [file:/C:/BootCamp/SpringBack/Project002/target/classes/]
[2022-08-12 08:07:19] - Starting Project002Application using Java 17.0.3 on Raheen with PID 11464 (C:\BootCamp\SpringBack\Project002\target\classes started by rahee in C:\BootCamp\SpringBack\Project002)
[2022-08-12 08:07:19] - Running with Spring Boot v2.7.2, Spring v5.3.22
[2022-08-12 08:07:19] - No active profile set, falling back to 1 default profile: "default"
[2022-08-12 08:07:19] - Loading source class com.revature.spring.backend.Project002Application
[2022-08-12 08:07:19] - Refreshing org.springframework.boot.web.servlet.context.AnnotationConfigServletWebServerApplicationContext@374ab3b2
[2022-08-12 08:07:19] - Creating shared instance of singleton bean 'org.springframework.context.annotation.internalConfigurationAnnotationProcessor'
[2022-08-12 08:07:19] - Creating shared instance of singleton bean 'org.springframework.boot.autoconfigure.internalCachingMetadataReaderFactory'
[2022-08-12 08:07:19] - Identified candidate component class: file [C:\BootCamp\SpringBack\Project002\target\classes\com\revature\spring\backend\controllers\BooksController.class]
[2022-08-12 08:07:19] - Identified candidate component class: file [C:\BootCamp\SpringBack\Project002\target\classes\com\revature\spring\backend\controllers\BookyController.class]
[2022-08-12 08:07:19] - Found key 'D_URL' in PropertySource 'systemEnvironment' with value of type String
[2022-08-12 08:07:19] - Found key 'D_NAME' in PropertySource 'systemEnvironment' with value of type String
[2022-08-12 08:07:20] - Bootstrapping Spring Data JPA repositories in DEFAULT mode.
[2022-08-12 08:07:20] - Creating shared instance of singleton bean 'org.springframework.boot.autoconfigure.AutoConfigurationPackages'
[2022-08-12 08:07:20] - @EnableAutoConfiguration was declared on a class in the package 'com.revature.spring.backend'. Automatic @Repository and @Entity scanning is enabled.
[2022-08-12 08:07:20] - Scanning for JPA repositories in packages com.revature.spring.backend.
[2022-08-12 08:07:20] - Identified candidate component class: file [C:\BootCamp\SpringBack\Project002\target\classes\com\revature\spring\backend\repository\BooksRepository.class]
[2022-08-12 08:07:20] - Identified candidate component class: file [C:\BootCamp\SpringBack\Project002\target\classes\com\revature\spring\backend\repository\BookyRepository.class]
[2022-08-12 08:07:20] - Finished Spring Data repository scanning in 11 ms. Found 2 JPA repository interfaces.
[2022-08-12 08:07:20] - Creating shared instance of singleton bean 'propertySourcesPlaceholderConfigurer'
[2022-08-12 08:07:20] - Creating shared instance of singleton bean 'emBeanDefinitionRegistrarPostProcessor'
[2022-08-12 08:07:20] - Creating shared instance of singleton bean 'org.springframework.boot.sql.init.dependency.DatabaseInitializationDependencyConfigurer$DependsOnDatabaseInitializationPostProcessor'
[2022-08-12 08:07:20] - Creating shared instance of singleton bean 'org.springframework.boot.devtools.autoconfigure.DevToolsDataSourceAutoConfiguration$DatabaseShutdownExecutorEntityManagerFactoryDependsOnPostProcessor'
[2022-08-12 08:07:20] - Creating shared instance of singleton bean 'org.springframework.context.event.internalEventListenerProcessor'
[2022-08-12 08:07:20] - Creating shared instance of singleton bean 'preserveErrorControllerTargetClassPostProcessor'
[2022-08-12 08:07:20] - Creating shared instance of singleton bean 'org.springframework.context.event.internalEventListenerFactory'
[2022-08-12 08:07:20] - Creating shared instance of singleton bean 'org.springframework.transaction.config.internalTransactionalEventListenerFactory'
[2022-08-12 08:07:20] - Creating shared instance of singleton bean 'org.springframework.context.annotation.internalAutowiredAnnotationProcessor'
[2022-08-12 08:07:20] - Creating shared instance of singleton bean 'org.springframework.context.annotation.internalCommonAnnotationProcessor'
[2022-08-12 08:07:20] - Creating shared instance of singleton bean 'org.springframework.context.annotation.internalPersistenceAnnotationProcessor'
[2022-08-12 08:07:20] - Creating shared instance of singleton bean 'org.springframework.boot.context.properties.ConfigurationPropertiesBindingPostProcessor'
[2022-08-12 08:07:20] - Creating shared instance of singleton bean 'org.springframework.boot.context.internalConfigurationPropertiesBinder'
[2022-08-12 08:07:20] - Creating shared instance of singleton bean 'org.springframework.boot.context.internalConfigurationPropertiesBinderFactory'
[2022-08-12 08:07:20] - Creating shared instance of singleton bean 'org.springframework.aop.config.internalAutoProxyCreator'
[2022-08-12 08:07:20] - Creating shared instance of singleton bean 'persistenceExceptionTranslationPostProcessor'
[2022-08-12 08:07:20] - Autowiring by type from bean name 'persistenceExceptionTranslationPostProcessor' via factory method to bean named 'environment'
[2022-08-12 08:07:20] - Creating shared instance of singleton bean 'webServerFactoryCustomizerBeanPostProcessor'
[2022-08-12 08:07:20] - Creating shared instance of singleton bean 'errorPageRegistrarBeanPostProcessor'
[2022-08-12 08:07:20] - Creating shared instance of singleton bean 'projectingArgumentResolverBeanPostProcessor'
[2022-08-12 08:07:20] - Creating shared instance of singleton bean 'org.springframework.transaction.config.internalTransactionAdvisor'
[2022-08-12 08:07:20] - Creating shared instance of singleton bean 'org.springframework.transaction.annotation.ProxyTransactionManagementConfiguration'
[2022-08-12 08:07:20] - Creating shared instance of singleton bean 'transactionAttributeSource'
[2022-08-12 08:07:20] - Creating shared instance of singleton bean 'transactionInterceptor'
[2022-08-12 08:07:20] - Autowiring by type from bean name 'transactionInterceptor' via factory method to bean named 'transactionAttributeSource'
[2022-08-12 08:07:20] - Autowiring by type from bean name 'org.springframework.transaction.config.internalTransactionAdvisor' via factory method to bean named 'transactionAttributeSource'
[2022-08-12 08:07:20] - Autowiring by type from bean name 'org.springframework.transaction.config.internalTransactionAdvisor' via factory method to bean named 'transactionInterceptor'
[2022-08-12 08:07:20] - Unable to locate ThemeSource with name 'themeSource': using default [org.springframework.ui.context.support.ResourceBundleThemeSource@15405fc8]
[2022-08-12 08:07:20] - Creating shared instance of singleton bean 'tomcatServletWebServerFactory'
[2022-08-12 08:07:20] - Creating shared instance of singleton bean 'org.springframework.boot.autoconfigure.web.servlet.ServletWebServerFactoryConfiguration$EmbeddedTomcat'
[2022-08-12 08:07:20] - Creating shared instance of singleton bean 'websocketServletWebServerCustomizer'
[2022-08-12 08:07:20] - Creating shared instance of singleton bean 'org.springframework.boot.autoconfigure.websocket.servlet.WebSocketServletAutoConfiguration$TomcatWebSocketConfiguration'
[2022-08-12 08:07:20] - Creating shared instance of singleton bean 'servletWebServerFactoryCustomizer'
[2022-08-12 08:07:20] - Creating shared instance of singleton bean 'org.springframework.boot.autoconfigure.web.servlet.ServletWebServerFactoryAutoConfiguration'
[2022-08-12 08:07:20] - Creating shared instance of singleton bean 'server-org.springframework.boot.autoconfigure.web.ServerProperties'
[2022-08-12 08:07:20] - Creating shared instance of singleton bean 'org.springframework.boot.context.properties.BoundConfigurationProperties'
[2022-08-12 08:07:20] - Autowiring by type from bean name 'servletWebServerFactoryCustomizer' via factory method to bean named 'server-org.springframework.boot.autoconfigure.web.ServerProperties'
[2022-08-12 08:07:20] - Creating shared instance of singleton bean 'tomcatServletWebServerFactoryCustomizer'
[2022-08-12 08:07:20] - Autowiring by type from bean name 'tomcatServletWebServerFactoryCustomizer' via factory method to bean named 'server-org.springframework.boot.autoconfigure.web.ServerProperties'
[2022-08-12 08:07:20] - Creating shared instance of singleton bean 'tomcatWebServerFactoryCustomizer'
[2022-08-12 08:07:20] - Creating shared instance of singleton bean 'org.springframework.boot.autoconfigure.web.embedded.EmbeddedWebServerFactoryCustomizerAutoConfiguration$TomcatWebServerFactoryCustomizerConfiguration'
[2022-08-12 08:07:20] - Autowiring by type from bean name 'tomcatWebServerFactoryCustomizer' via factory method to bean named 'environment'
[2022-08-12 08:07:20] - Autowiring by type from bean name 'tomcatWebServerFactoryCustomizer' via factory method to bean named 'server-org.springframework.boot.autoconfigure.web.ServerProperties'
[2022-08-12 08:07:20] - Creating shared instance of singleton bean 'localeCharsetMappingsCustomizer'
[2022-08-12 08:07:20] - Creating shared instance of singleton bean 'org.springframework.boot.autoconfigure.web.servlet.HttpEncodingAutoConfiguration'
