[2022-08-12 07:49:19] - HikariPool-2 - Added connection org.postgresql.jdbc.PgConnection@5146a42e
[2022-08-12 07:49:19] - HikariPool-2 - Added connection org.postgresql.jdbc.PgConnection@5256bdcf
[2022-08-12 07:49:20] - HikariPool-2 - Added connection org.postgresql.jdbc.PgConnection@5c69b104
[2022-08-12 07:49:20] - HikariPool-2 - Added connection org.postgresql.jdbc.PgConnection@45c1e810
[2022-08-12 07:49:21] - HikariPool-2 - Added connection org.postgresql.jdbc.PgConnection@29db508
[2022-08-12 07:49:21] - HikariPool-2 - Added connection org.postgresql.jdbc.PgConnection@7b253c8f
[2022-08-12 07:49:22] - HikariPool-2 - Added connection org.postgresql.jdbc.PgConnection@6a55437e
[2022-08-12 07:49:22] - HikariPool-2 - After adding stats (total=10, active=0, idle=10, waiting=0)
[2022-08-12 07:49:44] - Initializing Spring DispatcherServlet 'dispatcherServlet'
[2022-08-12 07:49:44] - Initializing Servlet 'dispatcherServlet'
[2022-08-12 07:49:44] - Detected StandardServletMultipartResolver
[2022-08-12 07:49:44] - Detected AcceptHeaderLocaleResolver
[2022-08-12 07:49:44] - Detected FixedThemeResolver
[2022-08-12 07:49:44] - Detected org.springframework.web.servlet.view.DefaultRequestToViewNameTranslator@732571b8
[2022-08-12 07:49:44] - Detected org.springframework.web.servlet.support.SessionFlashMapManager@17e03baa
[2022-08-12 07:49:44] - enableLoggingRequestDetails='false': request parameters and headers will be masked to prevent unsafe logging of potentially sensitive data
[2022-08-12 07:49:44] - Completed initialization in 8 ms
[2022-08-12 07:49:44] - GET "/booky", parameters={}
[2022-08-12 07:49:44] - Mapped to com.revature.spring.backend.controllers.BookyController#getAllBookies()
[2022-08-12 07:49:44] - Opening JPA EntityManager in OpenEntityManagerInViewInterceptor
[2022-08-12 07:49:44] - Found thread-bound EntityManager [SessionImpl(186619885<open>)] for JPA transaction
[2022-08-12 07:49:44] - Creating new transaction with name [org.springframework.data.jpa.repository.support.SimpleJpaRepository.findAll]: PROPAGATION_REQUIRED,ISOLATION_DEFAULT,readOnly
[2022-08-12 07:49:44] - Setting JDBC Connection [HikariProxyConnection@1877870111 wrapping org.postgresql.jdbc.PgConnection@75f8647] read-only
[2022-08-12 07:49:44] - On TransactionImpl creation, JpaCompliance#isJpaTransactionComplianceEnabled == false
[2022-08-12 07:49:44] - begin
[2022-08-12 07:49:44] - Exposing JPA transaction as JDBC [org.springframework.orm.jpa.vendor.HibernateJpaDialect$HibernateConnectionHandle@7d53fbf9]
[2022-08-12 07:49:44] - Rendered criteria query -> select generatedAlias0 from Booky as generatedAlias0
[2022-08-12 07:49:44] - QueryTranslatorFactory: org.hibernate.hql.internal.ast.ASTQueryTranslatorFactory@375a797c
[2022-08-12 07:49:44] - parse() - HQL: select generatedAlias0 from com.revature.spring.backend.model.Booky as generatedAlias0
[2022-08-12 07:49:44] - throwQueryException() : no errors
[2022-08-12 07:49:44] - --- HQL AST ---
 \-[QUERY] Node: 'query'
    \-[SELECT_FROM] Node: 'SELECT_FROM'
       +-[FROM] Node: 'from'
       |  \-[RANGE] Node: 'RANGE'
       |     +-[DOT] Node: '.'
       |     |  +-[DOT] Node: '.'
       |     |  |  +-[DOT] Node: '.'
       |     |  |  |  +-[DOT] Node: '.'
       |     |  |  |  |  +-[DOT] Node: '.'
       |     |  |  |  |  |  +-[IDENT] Node: 'com'
       |     |  |  |  |  |  \-[IDENT] Node: 'revature'
       |     |  |  |  |  \-[IDENT] Node: 'spring'
       |     |  |  |  \-[IDENT] Node: 'backend'
       |     |  |  \-[IDENT] Node: 'model'
       |     |  \-[IDENT] Node: 'Booky'
       |     \-[ALIAS] Node: 'generatedAlias0'
       \-[SELECT] Node: 'select'
          \-[IDENT] Node: 'generatedAlias0'

[2022-08-12 07:49:44] - select << begin [level=1, statement=select]
[2022-08-12 07:49:44] - FromClause{level=1} : com.revature.spring.backend.model.Booky (generatedAlias0) -> booky0_
[2022-08-12 07:49:44] - Resolved : generatedAlias0 -> booky0_.id
[2022-08-12 07:49:44] - select : finishing up [level=1, statement=select]
[2022-08-12 07:49:44] - processQuery() :  ( SELECT ( {select clause} booky0_.id ) ( FromClause{level=1} booky booky0_ ) )
[2022-08-12 07:49:44] - Tables referenced from query nodes:
 \-QueryNode
    +-SelectClause
    | referencedTables(entity Booky): [booky]
    |  +-IdentNode
    |  | persister: SingleTableEntityPersister(com.revature.spring.backend.model.Booky)
    |  | originalText: generatedAlias0
    |  \-SqlFragment
    \-FromClause
       \-FromElement

[2022-08-12 07:49:44] - Using FROM fragment [booky booky0_]
[2022-08-12 07:49:44] - select >> end [level=1, statement=select]
[2022-08-12 07:49:44] - --- SQL AST ---
 \-[SELECT] QueryNode: 'SELECT'  querySpaces (booky)
    +-[SELECT_CLAUSE] SelectClause: '{select clause}'
    |  +-[ALIAS_REF] IdentNode: 'booky0_.id as id1_1_' {alias=generatedAlias0, className=com.revature.spring.backend.model.Booky, tableAlias=booky0_}
    |  \-[SQL_TOKEN] SqlFragment: 'booky0_.email as email2_1_, booky0_.f_name as f_name3_1_, booky0_.l_name as l_name4_1_, booky0_.p_word as p_word5_1_, booky0_.username as username6_1_'
    \-[FROM] FromClause: 'from' FromClause{level=1, fromElementCounter=1, fromElements=1, fromElementByClassAlias=[generatedAlias0], fromElementByTableAlias=[booky0_], fromElementsByPath=[], collectionJoinFromElementsByPath=[], impliedElements=[]}
       \-[FROM_FRAGMENT] FromElement: 'booky booky0_' FromElement{explicit,not a collection join,not a fetch join,fetch non-lazy properties,classAlias=generatedAlias0,role=null,tableName=booky,tableAlias=booky0_,origin=null,columns={,className=com.revature.spring.backend.model.Booky}}

[2022-08-12 07:49:44] - throwQueryException() : no errors
[2022-08-12 07:49:44] - HQL: select generatedAlias0 from com.revature.spring.backend.model.Booky as generatedAlias0
[2022-08-12 07:49:44] - SQL: select booky0_.id as id1_1_, booky0_.email as email2_1_, booky0_.f_name as f_name3_1_, booky0_.l_name as l_name4_1_, booky0_.p_word as p_word5_1_, booky0_.username as username6_1_ from booky booky0_
[2022-08-12 07:49:44] - throwQueryException() : no errors
[2022-08-12 07:49:44] - select booky0_.id as id1_1_, booky0_.email as email2_1_, booky0_.f_name as f_name3_1_, booky0_.l_name as l_name4_1_, booky0_.p_word as p_word5_1_, booky0_.username as username6_1_ from booky booky0_
[2022-08-12 07:49:44] - Result set row: 0
[2022-08-12 07:49:44] - Result row: EntityKey[com.revature.spring.backend.model.Booky#33]
[2022-08-12 07:49:44] - Result set row: 1
[2022-08-12 07:49:44] - Result row: EntityKey[com.revature.spring.backend.model.Booky#34]
[2022-08-12 07:49:44] - Result set row: 2
[2022-08-12 07:49:44] - Result row: EntityKey[com.revature.spring.backend.model.Booky#35]
[2022-08-12 07:49:44] - Resolving attributes for [com.revature.spring.backend.model.Booky#33]
[2022-08-12 07:49:44] - Processing attribute `email` : value = testJP@gmail
[2022-08-12 07:49:44] - Attribute (`email`)  - enhanced for lazy-loading? - false
[2022-08-12 07:49:44] - Processing attribute `f_name` : value = testJ
[2022-08-12 07:49:44] - Attribute (`f_name`)  - enhanced for lazy-loading? - false
[2022-08-12 07:49:44] - Processing attribute `l_name` : value = testP
[2022-08-12 07:49:44] - Attribute (`l_name`)  - enhanced for lazy-loading? - false
[2022-08-12 07:49:44] - Processing attribute `p_word` : value = testJP
[2022-08-12 07:49:44] - Attribute (`p_word`)  - enhanced for lazy-loading? - false
[2022-08-12 07:49:44] - Processing attribute `username` : value = testJP
[2022-08-12 07:49:44] - Attribute (`username`)  - enhanced for lazy-loading? - false
[2022-08-12 07:49:44] - Done materializing entity [com.revature.spring.backend.model.Booky#33]
[2022-08-12 07:49:44] - Resolving attributes for [com.revature.spring.backend.model.Booky#34]
[2022-08-12 07:49:44] - Processing attribute `email` : value = jd@rev.net
[2022-08-12 07:49:44] - Attribute (`email`)  - enhanced for lazy-loading? - false
[2022-08-12 07:49:44] - Processing attribute `f_name` : value = John
[2022-08-12 07:49:44] - Attribute (`f_name`)  - enhanced for lazy-loading? - false
[2022-08-12 07:49:44] - Processing attribute `l_name` : value = Doe
[2022-08-12 07:49:44] - Attribute (`l_name`)  - enhanced for lazy-loading? - false
[2022-08-12 07:49:44] - Processing attribute `p_word` : value = root
[2022-08-12 07:49:44] - Attribute (`p_word`)  - enhanced for lazy-loading? - false
[2022-08-12 07:49:44] - Processing attribute `username` : value = jd123
[2022-08-12 07:49:44] - Attribute (`username`)  - enhanced for lazy-loading? - false
[2022-08-12 07:49:44] - Done materializing entity [com.revature.spring.backend.model.Booky#34]
[2022-08-12 07:49:44] - Resolving attributes for [com.revature.spring.backend.model.Booky#35]
[2022-08-12 07:49:44] - Processing attribute `email` : value = b@hill
[2022-08-12 07:49:44] - Attribute (`email`)  - enhanced for lazy-loading? - false
[2022-08-12 07:49:44] - Processing attribute `f_name` : value = Bobby
[2022-08-12 07:49:44] - Attribute (`f_name`)  - enhanced for lazy-loading? - false
[2022-08-12 07:49:44] - Processing attribute `l_name` : value = Hill
[2022-08-12 07:49:44] - Attribute (`l_name`)  - enhanced for lazy-loading? - false
[2022-08-12 07:49:44] - Processing attribute `p_word` : value = root
[2022-08-12 07:49:44] - Attribute (`p_word`)  - enhanced for lazy-loading? - false
[2022-08-12 07:49:44] - Processing attribute `username` : value = bhill100
[2022-08-12 07:49:44] - Attribute (`username`)  - enhanced for lazy-loading? - false
[2022-08-12 07:49:44] - Done materializing entity [com.revature.spring.backend.model.Booky#35]
[2022-08-12 07:49:44] - Initiating transaction commit
[2022-08-12 07:49:44] - Committing JPA transaction on EntityManager [SessionImpl(186619885<open>)]
[2022-08-12 07:49:44] - committing
[2022-08-12 07:49:45] - Resetting read-only flag of JDBC Connection [HikariProxyConnection@1877870111 wrapping org.postgresql.jdbc.PgConnection@75f8647]
[2022-08-12 07:49:45] - Not closing pre-bound JPA EntityManager after transaction
[2022-08-12 07:49:45] - Using 'application/json;q=0.8', given [text/html, application/xhtml+xml, image/avif, image/webp, image/apng, application/xml;q=0.9, application/signed-exchange;v=b3;q=0.9, */*;q=0.8] and supported [application/json, application/*+json, application/json, application/*+json]
[2022-08-12 07:49:45] - Writing [[Booky [id=33, username=testJP, p_word=testJP, email=testJP@gmail, f_name=testJ, l_name=testP], Book (truncated)...]
[2022-08-12 07:49:45] - Closing JPA EntityManager in OpenEntityManagerInViewInterceptor
[2022-08-12 07:49:45] - Completed 200 OK
