[2022-08-12 07:55:55] - HikariPool-5 - Added connection org.postgresql.jdbc.PgConnection@24648bae
[2022-08-12 07:55:55] - HikariPool-5 - Added connection org.postgresql.jdbc.PgConnection@3cf6d766
[2022-08-12 07:55:56] - HikariPool-5 - Added connection org.postgresql.jdbc.PgConnection@150aac44
[2022-08-12 07:55:56] - HikariPool-5 - Added connection org.postgresql.jdbc.PgConnection@4472ae3a
[2022-08-12 07:55:57] - HikariPool-5 - Added connection org.postgresql.jdbc.PgConnection@444b74e1
[2022-08-12 07:55:57] - HikariPool-5 - Added connection org.postgresql.jdbc.PgConnection@4e8cc6e9
[2022-08-12 07:55:58] - HikariPool-5 - Added connection org.postgresql.jdbc.PgConnection@e242bf0
[2022-08-12 07:55:58] - HikariPool-5 - After adding stats (total=10, active=0, idle=10, waiting=0)
[2022-08-12 07:56:23] - HikariPool-5 - Pool stats (total=10, active=0, idle=10, waiting=0)
[2022-08-12 07:56:23] - HikariPool-5 - Fill pool skipped, pool is at sufficient level.
[2022-08-12 07:56:53] - HikariPool-5 - Pool stats (total=10, active=0, idle=10, waiting=0)
[2022-08-12 07:56:53] - HikariPool-5 - Fill pool skipped, pool is at sufficient level.
[2022-08-12 07:57:23] - HikariPool-5 - Pool stats (total=10, active=0, idle=10, waiting=0)
[2022-08-12 07:57:23] - HikariPool-5 - Fill pool skipped, pool is at sufficient level.
[2022-08-12 07:57:53] - HikariPool-5 - Pool stats (total=10, active=0, idle=10, waiting=0)
[2022-08-12 07:57:53] - HikariPool-5 - Fill pool skipped, pool is at sufficient level.
[2022-08-12 07:58:23] - HikariPool-5 - Pool stats (total=10, active=0, idle=10, waiting=0)
[2022-08-12 07:58:23] - HikariPool-5 - Fill pool skipped, pool is at sufficient level.
[2022-08-12 07:58:53] - HikariPool-5 - Pool stats (total=10, active=0, idle=10, waiting=0)
[2022-08-12 07:58:53] - HikariPool-5 - Fill pool skipped, pool is at sufficient level.
[2022-08-12 07:59:23] - HikariPool-5 - Pool stats (total=10, active=0, idle=10, waiting=0)
[2022-08-12 07:59:23] - HikariPool-5 - Fill pool skipped, pool is at sufficient level.
[2022-08-12 07:59:53] - HikariPool-5 - Pool stats (total=10, active=0, idle=10, waiting=0)
[2022-08-12 07:59:53] - HikariPool-5 - Fill pool skipped, pool is at sufficient level.
[2022-08-12 08:00:23] - HikariPool-5 - Pool stats (total=10, active=0, idle=10, waiting=0)
[2022-08-12 08:00:23] - HikariPool-5 - Fill pool skipped, pool is at sufficient level.
[2022-08-12 08:00:53] - HikariPool-5 - Pool stats (total=10, active=0, idle=10, waiting=0)
[2022-08-12 08:00:53] - HikariPool-5 - Fill pool skipped, pool is at sufficient level.
[2022-08-12 08:01:05] - Application restart required due to the following changes: [C:\BootCamp\SpringBack\Project002\target\classes [C:\BootCamp\SpringBack\Project002\target\classes\com\revature\spring\backend\controllers\BookyController.class (MODIFY)]]
[2022-08-12 08:01:05] - Restarting application
[2022-08-12 08:01:05] - Stopping application
[2022-08-12 08:01:05] - Application availability state ReadinessState changed from ACCEPTING_TRAFFIC to REFUSING_TRAFFIC
[2022-08-12 08:01:05] - Closing org.springframework.boot.web.servlet.context.AnnotationConfigServletWebServerApplicationContext@8892f85, started on Fri Aug 12 07:55:51 EDT 2022
[2022-08-12 08:01:05] - Stopping beans in phase 2147483647
[2022-08-12 08:01:05] - Bean 'webServerGracefulShutdown' completed its stop procedure
[2022-08-12 08:01:05] - Stopping beans in phase 2147483646
[2022-08-12 08:01:05] - Bean 'webServerStartStop' completed its stop procedure
[2022-08-12 08:01:06] - Unregistering JMX-exposed beans on shutdown
[2022-08-12 08:01:06] - Unregistering JMX-exposed beans
[2022-08-12 08:01:06] - Shutting down ExecutorService 'applicationTaskExecutor'
[2022-08-12 08:01:06] - Closing JPA EntityManagerFactory for persistence unit 'default'
[2022-08-12 08:01:06] - HHH000031: Closing
[2022-08-12 08:01:06] - Un-scoping TypeConfiguration [org.hibernate.type.spi.TypeConfiguration$Scope@495e2fa] from SessionFactory [org.hibernate.internal.SessionFactoryImpl@2891f42b]
[2022-08-12 08:01:06] - Implicitly destroying ServiceRegistry on de-registration of all child ServiceRegistries
[2022-08-12 08:01:06] - Implicitly destroying Boot-strap registry on de-registration of all child ServiceRegistries
[2022-08-12 08:01:06] - HikariPool-5 - Shutdown initiated...
[2022-08-12 08:01:06] - HikariPool-5 - Before shutdown stats (total=10, active=0, idle=10, waiting=0)
[2022-08-12 08:01:06] - HikariPool-5 - Closing connection org.postgresql.jdbc.PgConnection@61c9c4d3: (connection evicted)
[2022-08-12 08:01:06] - HikariPool-5 - Closing connection org.postgresql.jdbc.PgConnection@6b9e6296: (connection evicted)
[2022-08-12 08:01:06] - HikariPool-5 - Closing connection org.postgresql.jdbc.PgConnection@65598195: (connection evicted)
[2022-08-12 08:01:06] - HikariPool-5 - Closing connection org.postgresql.jdbc.PgConnection@24648bae: (connection evicted)
[2022-08-12 08:01:06] - HikariPool-5 - Closing connection org.postgresql.jdbc.PgConnection@3cf6d766: (connection evicted)
[2022-08-12 08:01:06] - HikariPool-5 - Closing connection org.postgresql.jdbc.PgConnection@150aac44: (connection evicted)
[2022-08-12 08:01:06] - HikariPool-5 - Closing connection org.postgresql.jdbc.PgConnection@4472ae3a: (connection evicted)
[2022-08-12 08:01:06] - HikariPool-5 - Closing connection org.postgresql.jdbc.PgConnection@444b74e1: (connection evicted)
[2022-08-12 08:01:06] - HikariPool-5 - Closing connection org.postgresql.jdbc.PgConnection@4e8cc6e9: (connection evicted)
[2022-08-12 08:01:06] - HikariPool-5 - Closing connection org.postgresql.jdbc.PgConnection@e242bf0: (connection evicted)
[2022-08-12 08:01:06] - HikariPool-5 - After shutdown stats (total=0, active=0, idle=0, waiting=0)
[2022-08-12 08:01:06] - HikariPool-5 - Shutdown completed.
[2022-08-12 08:01:06] - Created RestartClassLoader org.springframework.boot.devtools.restart.classloader.RestartClassLoader@355b848c
[2022-08-12 08:01:06] - Starting application com.revature.spring.backend.Project002Application with URLs [file:/C:/BootCamp/SpringBack/Project002/target/classes/]
[2022-08-12 08:01:07] - Starting Project002Application using Java 17.0.3 on Raheen with PID 11464 (C:\BootCamp\SpringBack\Project002\target\classes started by rahee in C:\BootCamp\SpringBack\Project002)
[2022-08-12 08:01:07] - Running with Spring Boot v2.7.2, Spring v5.3.22
[2022-08-12 08:01:07] - No active profile set, falling back to 1 default profile: "default"
[2022-08-12 08:01:07] - Loading source class com.revature.spring.backend.Project002Application
[2022-08-12 08:01:07] - Refreshing org.springframework.boot.web.servlet.context.AnnotationConfigServletWebServerApplicationContext@522e6900
[2022-08-12 08:01:07] - Creating shared instance of singleton bean 'org.springframework.context.annotation.internalConfigurationAnnotationProcessor'
[2022-08-12 08:01:07] - Creating shared instance of singleton bean 'org.springframework.boot.autoconfigure.internalCachingMetadataReaderFactory'
[2022-08-12 08:01:07] - Identified candidate component class: file [C:\BootCamp\SpringBack\Project002\target\classes\com\revature\spring\backend\controllers\BooksController.class]
[2022-08-12 08:01:07] - Identified candidate component class: file [C:\BootCamp\SpringBack\Project002\target\classes\com\revature\spring\backend\controllers\BookyController.class]
[2022-08-12 08:01:07] - Found key 'D_URL' in PropertySource 'systemEnvironment' with value of type String
[2022-08-12 08:01:07] - Found key 'D_NAME' in PropertySource 'systemEnvironment' with value of type String
[2022-08-12 08:01:07] - Bootstrapping Spring Data JPA repositories in DEFAULT mode.
[2022-08-12 08:01:07] - Creating shared instance of singleton bean 'org.springframework.boot.autoconfigure.AutoConfigurationPackages'
[2022-08-12 08:01:07] - @EnableAutoConfiguration was declared on a class in the package 'com.revature.spring.backend'. Automatic @Repository and @Entity scanning is enabled.
[2022-08-12 08:01:07] - Scanning for JPA repositories in packages com.revature.spring.backend.
[2022-08-12 08:01:07] - Identified candidate component class: file [C:\BootCamp\SpringBack\Project002\target\classes\com\revature\spring\backend\repository\BooksRepository.class]
[2022-08-12 08:01:07] - Identified candidate component class: file [C:\BootCamp\SpringBack\Project002\target\classes\com\revature\spring\backend\repository\BookyRepository.class]
[2022-08-12 08:01:07] - Finished Spring Data repository scanning in 35 ms. Found 2 JPA repository interfaces.
[2022-08-12 08:01:08] - Creating shared instance of singleton bean 'propertySourcesPlaceholderConfigurer'
[2022-08-12 08:01:08] - Creating shared instance of singleton bean 'emBeanDefinitionRegistrarPostProcessor'
[2022-08-12 08:01:08] - Creating shared instance of singleton bean 'org.springframework.boot.sql.init.dependency.DatabaseInitializationDependencyConfigurer$DependsOnDatabaseInitializationPostProcessor'
[2022-08-12 08:01:08] - Creating shared instance of singleton bean 'org.springframework.boot.devtools.autoconfigure.DevToolsDataSourceAutoConfiguration$DatabaseShutdownExecutorEntityManagerFactoryDependsOnPostProcessor'
[2022-08-12 08:01:08] - Creating shared instance of singleton bean 'org.springframework.context.event.internalEventListenerProcessor'
[2022-08-12 08:01:08] - Creating shared instance of singleton bean 'preserveErrorControllerTargetClassPostProcessor'
[2022-08-12 08:01:08] - Creating shared instance of singleton bean 'org.springframework.context.event.internalEventListenerFactory'
[2022-08-12 08:01:08] - Creating shared instance of singleton bean 'org.springframework.transaction.config.internalTransactionalEventListenerFactory'
[2022-08-12 08:01:08] - Creating shared instance of singleton bean 'org.springframework.context.annotation.internalAutowiredAnnotationProcessor'
[2022-08-12 08:01:08] - Creating shared instance of singleton bean 'org.springframework.context.annotation.internalCommonAnnotationProcessor'
[2022-08-12 08:01:08] - Creating shared instance of singleton bean 'org.springframework.context.annotation.internalPersistenceAnnotationProcessor'
[2022-08-12 08:01:08] - Creating shared instance of singleton bean 'org.springframework.boot.context.properties.ConfigurationPropertiesBindingPostProcessor'
[2022-08-12 08:01:08] - Creating shared instance of singleton bean 'org.springframework.boot.context.internalConfigurationPropertiesBinder'
