[2022-08-12 08:05:51] - Creating shared instance of singleton bean 'org.springframework.boot.context.internalConfigurationPropertiesBinderFactory'
[2022-08-12 08:05:51] - Creating shared instance of singleton bean 'org.springframework.aop.config.internalAutoProxyCreator'
[2022-08-12 08:05:51] - Creating shared instance of singleton bean 'persistenceExceptionTranslationPostProcessor'
[2022-08-12 08:05:51] - Autowiring by type from bean name 'persistenceExceptionTranslationPostProcessor' via factory method to bean named 'environment'
[2022-08-12 08:05:51] - Creating shared instance of singleton bean 'webServerFactoryCustomizerBeanPostProcessor'
[2022-08-12 08:05:51] - Creating shared instance of singleton bean 'errorPageRegistrarBeanPostProcessor'
[2022-08-12 08:05:51] - Creating shared instance of singleton bean 'projectingArgumentResolverBeanPostProcessor'
[2022-08-12 08:05:51] - Creating shared instance of singleton bean 'org.springframework.transaction.config.internalTransactionAdvisor'
[2022-08-12 08:05:51] - Creating shared instance of singleton bean 'org.springframework.transaction.annotation.ProxyTransactionManagementConfiguration'
[2022-08-12 08:05:51] - Creating shared instance of singleton bean 'transactionAttributeSource'
[2022-08-12 08:05:51] - Creating shared instance of singleton bean 'transactionInterceptor'
[2022-08-12 08:05:51] - Autowiring by type from bean name 'transactionInterceptor' via factory method to bean named 'transactionAttributeSource'
[2022-08-12 08:05:51] - Autowiring by type from bean name 'org.springframework.transaction.config.internalTransactionAdvisor' via factory method to bean named 'transactionAttributeSource'
[2022-08-12 08:05:51] - Autowiring by type from bean name 'org.springframework.transaction.config.internalTransactionAdvisor' via factory method to bean named 'transactionInterceptor'
[2022-08-12 08:05:51] - Unable to locate ThemeSource with name 'themeSource': using default [org.springframework.ui.context.support.ResourceBundleThemeSource@2894a62c]
[2022-08-12 08:05:51] - Creating shared instance of singleton bean 'tomcatServletWebServerFactory'
[2022-08-12 08:05:51] - Creating shared instance of singleton bean 'org.springframework.boot.autoconfigure.web.servlet.ServletWebServerFactoryConfiguration$EmbeddedTomcat'
[2022-08-12 08:05:51] - Creating shared instance of singleton bean 'websocketServletWebServerCustomizer'
[2022-08-12 08:05:51] - Creating shared instance of singleton bean 'org.springframework.boot.autoconfigure.websocket.servlet.WebSocketServletAutoConfiguration$TomcatWebSocketConfiguration'
[2022-08-12 08:05:51] - Creating shared instance of singleton bean 'servletWebServerFactoryCustomizer'
[2022-08-12 08:05:51] - Creating shared instance of singleton bean 'org.springframework.boot.autoconfigure.web.servlet.ServletWebServerFactoryAutoConfiguration'
[2022-08-12 08:05:51] - Creating shared instance of singleton bean 'server-org.springframework.boot.autoconfigure.web.ServerProperties'
[2022-08-12 08:05:51] - Creating shared instance of singleton bean 'org.springframework.boot.context.properties.BoundConfigurationProperties'
[2022-08-12 08:05:51] - Autowiring by type from bean name 'servletWebServerFactoryCustomizer' via factory method to bean named 'server-org.springframework.boot.autoconfigure.web.ServerProperties'
[2022-08-12 08:05:51] - Creating shared instance of singleton bean 'tomcatServletWebServerFactoryCustomizer'
[2022-08-12 08:05:51] - Autowiring by type from bean name 'tomcatServletWebServerFactoryCustomizer' via factory method to bean named 'server-org.springframework.boot.autoconfigure.web.ServerProperties'
[2022-08-12 08:05:51] - Creating shared instance of singleton bean 'tomcatWebServerFactoryCustomizer'
[2022-08-12 08:05:51] - Creating shared instance of singleton bean 'org.springframework.boot.autoconfigure.web.embedded.EmbeddedWebServerFactoryCustomizerAutoConfiguration$TomcatWebServerFactoryCustomizerConfiguration'
[2022-08-12 08:05:51] - Autowiring by type from bean name 'tomcatWebServerFactoryCustomizer' via factory method to bean named 'environment'
[2022-08-12 08:05:51] - Autowiring by type from bean name 'tomcatWebServerFactoryCustomizer' via factory method to bean named 'server-org.springframework.boot.autoconfigure.web.ServerProperties'
[2022-08-12 08:05:51] - Creating shared instance of singleton bean 'localeCharsetMappingsCustomizer'
[2022-08-12 08:05:51] - Creating shared instance of singleton bean 'org.springframework.boot.autoconfigure.web.servlet.HttpEncodingAutoConfiguration'
[2022-08-12 08:05:51] - Autowiring by type from bean name 'org.springframework.boot.autoconfigure.web.servlet.HttpEncodingAutoConfiguration' via constructor to bean named 'server-org.springframework.boot.autoconfigure.web.ServerProperties'
[2022-08-12 08:05:51] - Creating shared instance of singleton bean 'errorPageCustomizer'
[2022-08-12 08:05:51] - Creating shared instance of singleton bean 'org.springframework.boot.autoconfigure.web.servlet.error.ErrorMvcAutoConfiguration'
[2022-08-12 08:05:51] - Autowiring by type from bean name 'org.springframework.boot.autoconfigure.web.servlet.error.ErrorMvcAutoConfiguration' via constructor to bean named 'server-org.springframework.boot.autoconfigure.web.ServerProperties'
[2022-08-12 08:05:51] - Creating shared instance of singleton bean 'dispatcherServletRegistration'
[2022-08-12 08:05:51] - Creating shared instance of singleton bean 'org.springframework.boot.autoconfigure.web.servlet.DispatcherServletAutoConfiguration$DispatcherServletRegistrationConfiguration'
[2022-08-12 08:05:51] - Creating shared instance of singleton bean 'dispatcherServlet'
[2022-08-12 08:05:51] - Creating shared instance of singleton bean 'org.springframework.boot.autoconfigure.web.servlet.DispatcherServletAutoConfiguration$DispatcherServletConfiguration'
[2022-08-12 08:05:51] - Creating shared instance of singleton bean 'spring.mvc-org.springframework.boot.autoconfigure.web.servlet.WebMvcProperties'
[2022-08-12 08:05:51] - Autowiring by type from bean name 'dispatcherServlet' via factory method to bean named 'spring.mvc-org.springframework.boot.autoconfigure.web.servlet.WebMvcProperties'
[2022-08-12 08:05:51] - Autowiring by type from bean name 'dispatcherServletRegistration' via factory method to bean named 'dispatcherServlet'
[2022-08-12 08:05:51] - Autowiring by type from bean name 'dispatcherServletRegistration' via factory method to bean named 'spring.mvc-org.springframework.boot.autoconfigure.web.servlet.WebMvcProperties'
[2022-08-12 08:05:51] - Creating shared instance of singleton bean 'multipartConfigElement'
[2022-08-12 08:05:51] - Creating shared instance of singleton bean 'org.springframework.boot.autoconfigure.web.servlet.MultipartAutoConfiguration'
[2022-08-12 08:05:51] - Creating shared instance of singleton bean 'spring.servlet.multipart-org.springframework.boot.autoconfigure.web.servlet.MultipartProperties'
[2022-08-12 08:05:51] - Autowiring by type from bean name 'org.springframework.boot.autoconfigure.web.servlet.MultipartAutoConfiguration' via constructor to bean named 'spring.servlet.multipart-org.springframework.boot.autoconfigure.web.servlet.MultipartProperties'
[2022-08-12 08:05:51] - Autowiring by type from bean name 'errorPageCustomizer' via factory method to bean named 'dispatcherServletRegistration'
[2022-08-12 08:05:51] - Code archive: C:\Users\rahee\.m2\repository\org\springframework\boot\spring-boot\2.7.2\spring-boot-2.7.2.jar
[2022-08-12 08:05:51] - Code archive: C:\Users\rahee\.m2\repository\org\springframework\boot\spring-boot\2.7.2\spring-boot-2.7.2.jar
[2022-08-12 08:05:51] - Document root: C:\BootCamp\SpringBack\Project002\src\main\webapp
[2022-08-12 08:05:51] - Tomcat initialized with port(s): 2022 (http)
[2022-08-12 08:05:52] - Published root WebApplicationContext as ServletContext attribute with name [org.springframework.web.context.WebApplicationContext.ROOT]
[2022-08-12 08:05:52] - Root WebApplicationContext: initialization completed in 1459 ms
[2022-08-12 08:05:52] - Creating shared instance of singleton bean 'requestContextFilter'
[2022-08-12 08:05:52] - Creating shared instance of singleton bean 'formContentFilter'
[2022-08-12 08:05:52] - Creating shared instance of singleton bean 'org.springframework.boot.autoconfigure.web.servlet.WebMvcAutoConfiguration'
[2022-08-12 08:05:52] - Creating shared instance of singleton bean 'characterEncodingFilter'
[2022-08-12 08:05:52] - Mapping filters: characterEncodingFilter urls=[/*] order=-2147483648, formContentFilter urls=[/*] order=-9900, requestContextFilter urls=[/*] order=-105
[2022-08-12 08:05:52] - Mapping servlets: dispatcherServlet urls=[/]
[2022-08-12 08:05:52] - Filter 'requestContextFilter' configured for use
[2022-08-12 08:05:52] - Filter 'characterEncodingFilter' configured for use
[2022-08-12 08:05:52] - Filter 'formContentFilter' configured for use
[2022-08-12 08:05:52] - Creating shared instance of singleton bean 'dataSourceScriptDatabaseInitializer'
[2022-08-12 08:05:52] - Creating shared instance of singleton bean 'org.springframework.boot.autoconfigure.sql.init.DataSourceInitializationConfiguration'
[2022-08-12 08:05:52] - Creating shared instance of singleton bean 'dataSource'
[2022-08-12 08:05:52] - Creating shared instance of singleton bean 'org.springframework.boot.autoconfigure.jdbc.DataSourceConfiguration$Hikari'
[2022-08-12 08:05:52] - Creating shared instance of singleton bean 'spring.datasource-org.springframework.boot.autoconfigure.jdbc.DataSourceProperties'
[2022-08-12 08:05:52] - Found key 'D_PASS' in PropertySource 'systemEnvironment' with value of type String
[2022-08-12 08:05:52] - Found key 'D_URL' in PropertySource 'systemEnvironment' with value of type String
[2022-08-12 08:05:52] - Found key 'D_NAME' in PropertySource 'systemEnvironment' with value of type String
[2022-08-12 08:05:52] - Found key 'D_USER' in PropertySource 'systemEnvironment' with value of type String
[2022-08-12 08:05:52] - Autowiring by type from bean name 'dataSource' via factory method to bean named 'spring.datasource-org.springframework.boot.autoconfigure.jdbc.DataSourceProperties'
[2022-08-12 08:05:52] - Driver class org.postgresql.Driver found in Thread context class loader org.springframework.boot.devtools.restart.classloader.RestartClassLoader@608ddc90
[2022-08-12 08:05:52] - Creating shared instance of singleton bean 'spring.sql.init-org.springframework.boot.autoconfigure.sql.init.SqlInitializationProperties'
[2022-08-12 08:05:52] - Autowiring by type from bean name 'dataSourceScriptDatabaseInitializer' via factory method to bean named 'dataSource'
[2022-08-12 08:05:52] - Autowiring by type from bean name 'dataSourceScriptDatabaseInitializer' via factory method to bean named 'spring.sql.init-org.springframework.boot.autoconfigure.sql.init.SqlInitializationProperties'
[2022-08-12 08:05:52] - Creating shared instance of singleton bean 'inMemoryDatabaseShutdownExecutor'
[2022-08-12 08:05:52] - Creating shared instance of singleton bean 'org.springframework.boot.devtools.autoconfigure.DevToolsDataSourceAutoConfiguration'
[2022-08-12 08:05:52] - Autowiring by type from bean name 'inMemoryDatabaseShutdownExecutor' via factory method to bean named 'dataSource'
[2022-08-12 08:05:52] - Autowiring by type from bean name 'inMemoryDatabaseShutdownExecutor' via factory method to bean named 'spring.datasource-org.springframework.boot.autoconfigure.jdbc.DataSourceProperties'
[2022-08-12 08:05:52] - Creating shared instance of singleton bean 'entityManagerFactory'
[2022-08-12 08:05:52] - Creating shared instance of singleton bean 'org.springframework.boot.autoconfigure.orm.jpa.HibernateJpaConfiguration'
[2022-08-12 08:05:52] - Creating shared instance of singleton bean 'spring.jpa-org.springframework.boot.autoconfigure.orm.jpa.JpaProperties'
[2022-08-12 08:05:52] - Creating shared instance of singleton bean 'spring.jpa.hibernate-org.springframework.boot.autoconfigure.orm.jpa.HibernateProperties'
[2022-08-12 08:05:52] - Autowiring by type from bean name 'org.springframework.boot.autoconfigure.orm.jpa.HibernateJpaConfiguration' via constructor to bean named 'dataSource'
[2022-08-12 08:05:52] - Autowiring by type from bean name 'org.springframework.boot.autoconfigure.orm.jpa.HibernateJpaConfiguration' via constructor to bean named 'spring.jpa-org.springframework.boot.autoconfigure.orm.jpa.JpaProperties'
[2022-08-12 08:05:52] - Autowiring by type from bean name 'org.springframework.boot.autoconfigure.orm.jpa.HibernateJpaConfiguration' via constructor to bean named 'org.springframework.beans.factory.support.DefaultListableBeanFactory@4277ca26'
[2022-08-12 08:05:52] - Autowiring by type from bean name 'org.springframework.boot.autoconfigure.orm.jpa.HibernateJpaConfiguration' via constructor to bean named 'spring.jpa.hibernate-org.springframework.boot.autoconfigure.orm.jpa.HibernateProperties'
[2022-08-12 08:05:52] - Creating shared instance of singleton bean 'hikariPoolDataSourceMetadataProvider'
[2022-08-12 08:05:52] - Creating shared instance of singleton bean 'org.springframework.boot.autoconfigure.jdbc.metadata.DataSourcePoolMetadataProvidersConfiguration$HikariPoolDataSourceMetadataProviderConfiguration'
[2022-08-12 08:05:52] - Creating shared instance of singleton bean 'entityManagerFactoryBuilder'
[2022-08-12 08:05:52] - Creating shared instance of singleton bean 'jpaVendorAdapter'
[2022-08-12 08:05:52] - Autowiring by type from bean name 'entityManagerFactoryBuilder' via factory method to bean named 'jpaVendorAdapter'
[2022-08-12 08:05:52] - Autowiring by type from bean name 'entityManagerFactory' via factory method to bean named 'entityManagerFactoryBuilder'
